
*** Running vivado
    with args -log fir_compiler_1.vds -m64 -product Vivado -mode batch -messageDb vivado.pb -notrace -source fir_compiler_1.tcl


****** Vivado v2018.1 (64-bit)
  **** SW Build 2188600 on Wed Apr  4 18:40:38 MDT 2018
  **** IP Build 2185939 on Wed Apr  4 20:55:05 MDT 2018
    ** Copyright 1986-2018 Xilinx, Inc. All Rights Reserved.

source fir_compiler_1.tcl -notrace
Command: synth_design -top fir_compiler_1 -part xc7a100tcsg324-1 -mode out_of_context
Starting synth_design
Attempting to get a license for feature 'Synthesis' and/or device 'xc7a100t'
INFO: [Common 17-349] Got license for feature 'Synthesis' and/or device 'xc7a100t'
INFO: Launching helper process for spawning children vivado processes
INFO: Helper process launched with PID 2188 
---------------------------------------------------------------------------------
Starting RTL Elaboration : Time (s): cpu = 00:00:07 ; elapsed = 00:00:08 . Memory (MB): peak = 411.633 ; gain = 98.648
---------------------------------------------------------------------------------
INFO: [Synth 8-638] synthesizing module 'fir_compiler_1' [e:/ECE_471/Labs/nexysFIR/blockDiag/stateMachineFirlet/stateMachineFirlet.srcs/sources_1/ip/fir_compiler_1/synth/fir_compiler_1.vhd:70]
	Parameter C_XDEVICEFAMILY bound to: artix7 - type: string 
	Parameter C_ELABORATION_DIR bound to: ./ - type: string 
	Parameter C_COMPONENT_NAME bound to: fir_compiler_1 - type: string 
	Parameter C_COEF_FILE bound to: fir_compiler_1.mif - type: string 
	Parameter C_COEF_FILE_LINES bound to: 29 - type: integer 
	Parameter C_FILTER_TYPE bound to: 0 - type: integer 
	Parameter C_INTERP_RATE bound to: 1 - type: integer 
	Parameter C_DECIM_RATE bound to: 1 - type: integer 
	Parameter C_ZERO_PACKING_FACTOR bound to: 1 - type: integer 
	Parameter C_SYMMETRY bound to: 1 - type: integer 
	Parameter C_NUM_FILTS bound to: 1 - type: integer 
	Parameter C_NUM_TAPS bound to: 57 - type: integer 
	Parameter C_NUM_CHANNELS bound to: 1 - type: integer 
	Parameter C_CHANNEL_PATTERN bound to: fixed - type: string 
	Parameter C_ROUND_MODE bound to: 0 - type: integer 
	Parameter C_COEF_RELOAD bound to: 0 - type: integer 
	Parameter C_NUM_RELOAD_SLOTS bound to: 1 - type: integer 
	Parameter C_COL_MODE bound to: 1 - type: integer 
	Parameter C_COL_PIPE_LEN bound to: 4 - type: integer 
	Parameter C_COL_CONFIG bound to: 1 - type: string 
	Parameter C_OPTIMIZATION bound to: 0 - type: integer 
	Parameter C_DATA_PATH_WIDTHS bound to: 16 - type: string 
	Parameter C_DATA_IP_PATH_WIDTHS bound to: 16 - type: string 
	Parameter C_DATA_PX_PATH_WIDTHS bound to: 16 - type: string 
	Parameter C_DATA_WIDTH bound to: 16 - type: integer 
	Parameter C_COEF_PATH_WIDTHS bound to: 16 - type: string 
	Parameter C_COEF_WIDTH bound to: 16 - type: integer 
	Parameter C_DATA_PATH_SRC bound to: 0 - type: string 
	Parameter C_COEF_PATH_SRC bound to: 0 - type: string 
	Parameter C_PX_PATH_SRC bound to: 0 - type: string 
	Parameter C_DATA_PATH_SIGN bound to: 0 - type: string 
	Parameter C_COEF_PATH_SIGN bound to: 1 - type: string 
	Parameter C_ACCUM_PATH_WIDTHS bound to: 32 - type: string 
	Parameter C_OUTPUT_WIDTH bound to: 32 - type: integer 
	Parameter C_OUTPUT_PATH_WIDTHS bound to: 32 - type: string 
	Parameter C_ACCUM_OP_PATH_WIDTHS bound to: 32 - type: string 
	Parameter C_EXT_MULT_CNFG bound to: none - type: string 
	Parameter C_DATA_PATH_PSAMP_SRC bound to: 0 - type: string 
	Parameter C_OP_PATH_PSAMP_SRC bound to: 0 - type: string 
	Parameter C_NUM_MADDS bound to: 1 - type: integer 
	Parameter C_OPT_MADDS bound to: none - type: string 
	Parameter C_OVERSAMPLING_RATE bound to: 29 - type: integer 
	Parameter C_INPUT_RATE bound to: 1000 - type: integer 
	Parameter C_OUTPUT_RATE bound to: 1000 - type: integer 
	Parameter C_DATA_MEMTYPE bound to: 0 - type: integer 
	Parameter C_COEF_MEMTYPE bound to: 2 - type: integer 
	Parameter C_IPBUFF_MEMTYPE bound to: 0 - type: integer 
	Parameter C_OPBUFF_MEMTYPE bound to: 0 - type: integer 
	Parameter C_DATAPATH_MEMTYPE bound to: 0 - type: integer 
	Parameter C_MEM_ARRANGEMENT bound to: 1 - type: integer 
	Parameter C_DATA_MEM_PACKING bound to: 0 - type: integer 
	Parameter C_COEF_MEM_PACKING bound to: 0 - type: integer 
	Parameter C_FILTS_PACKED bound to: 0 - type: integer 
	Parameter C_LATENCY bound to: 36 - type: integer 
	Parameter C_HAS_ARESETn bound to: 0 - type: integer 
	Parameter C_HAS_ACLKEN bound to: 0 - type: integer 
	Parameter C_DATA_HAS_TLAST bound to: 0 - type: integer 
	Parameter C_S_DATA_HAS_FIFO bound to: 1 - type: integer 
	Parameter C_S_DATA_HAS_TUSER bound to: 0 - type: integer 
	Parameter C_S_DATA_TDATA_WIDTH bound to: 16 - type: integer 
	Parameter C_S_DATA_TUSER_WIDTH bound to: 1 - type: integer 
	Parameter C_M_DATA_HAS_TREADY bound to: 0 - type: integer 
	Parameter C_M_DATA_HAS_TUSER bound to: 0 - type: integer 
	Parameter C_M_DATA_TDATA_WIDTH bound to: 32 - type: integer 
	Parameter C_M_DATA_TUSER_WIDTH bound to: 1 - type: integer 
	Parameter C_HAS_CONFIG_CHANNEL bound to: 0 - type: integer 
	Parameter C_CONFIG_SYNC_MODE bound to: 0 - type: integer 
	Parameter C_CONFIG_PACKET_SIZE bound to: 0 - type: integer 
	Parameter C_CONFIG_TDATA_WIDTH bound to: 1 - type: integer 
	Parameter C_RELOAD_TDATA_WIDTH bound to: 1 - type: integer 
INFO: [Synth 8-3491] module 'fir_compiler_v7_2_11' declared at 'e:/ECE_471/Labs/nexysFIR/blockDiag/stateMachineFirlet/stateMachineFirlet.srcs/sources_1/ip/fir_compiler_1/hdl/fir_compiler_v7_2_vh_rfs.vhd:61141' bound to instance 'U0' of component 'fir_compiler_v7_2_11' [e:/ECE_471/Labs/nexysFIR/blockDiag/stateMachineFirlet/stateMachineFirlet.srcs/sources_1/ip/fir_compiler_1/synth/fir_compiler_1.vhd:198]
INFO: [Synth 8-256] done synthesizing module 'fir_compiler_1' (13#1) [e:/ECE_471/Labs/nexysFIR/blockDiag/stateMachineFirlet/stateMachineFirlet.srcs/sources_1/ip/fir_compiler_1/synth/fir_compiler_1.vhd:70]
WARNING: [Synth 8-3331] design delay__parameterized8 has unconnected port SCLR
WARNING: [Synth 8-3331] design delay__parameterized8 has unconnected port SCLR_ALT
WARNING: [Synth 8-3331] design buff has unconnected port RE
WARNING: [Synth 8-3331] design buff has unconnected port SCLR
WARNING: [Synth 8-3331] design cntrl_delay has unconnected port CE
WARNING: [Synth 8-3331] design cntrl_delay has unconnected port SCLR
WARNING: [Synth 8-3331] design cntrl_delay has unconnected port CLK
WARNING: [Synth 8-3331] design delay__parameterized11 has unconnected port WE
WARNING: [Synth 8-3331] design delay__parameterized11 has unconnected port CE
WARNING: [Synth 8-3331] design delay__parameterized11 has unconnected port SCLR
WARNING: [Synth 8-3331] design delay__parameterized11 has unconnected port SCLR_ALT
WARNING: [Synth 8-3331] design delay__parameterized11 has unconnected port CLK
WARNING: [Synth 8-3331] design calc has unconnected port PRE_ADDSUB
WARNING: [Synth 8-3331] design calc has unconnected port CED
WARNING: [Synth 8-3331] design delay__parameterized10 has unconnected port WE
WARNING: [Synth 8-3331] design delay__parameterized10 has unconnected port CE
WARNING: [Synth 8-3331] design delay__parameterized10 has unconnected port SCLR
WARNING: [Synth 8-3331] design delay__parameterized10 has unconnected port SCLR_ALT
WARNING: [Synth 8-3331] design delay__parameterized10 has unconnected port CLK
WARNING: [Synth 8-3331] design delay__parameterized9 has unconnected port WE
WARNING: [Synth 8-3331] design delay__parameterized9 has unconnected port CE
WARNING: [Synth 8-3331] design delay__parameterized9 has unconnected port SCLR
WARNING: [Synth 8-3331] design delay__parameterized9 has unconnected port SCLR_ALT
WARNING: [Synth 8-3331] design delay__parameterized9 has unconnected port CLK
WARNING: [Synth 8-3331] design addsub_mult_accum has unconnected port POUT[casc][52]
WARNING: [Synth 8-3331] design addsub_mult_accum has unconnected port POUT[casc][51]
WARNING: [Synth 8-3331] design addsub_mult_accum has unconnected port POUT[casc][50]
WARNING: [Synth 8-3331] design addsub_mult_accum has unconnected port POUT[casc][49]
WARNING: [Synth 8-3331] design addsub_mult_accum has unconnected port POUT[casc][48]
WARNING: [Synth 8-3331] design addsub_mult_accum has unconnected port PIN[fab][47]
WARNING: [Synth 8-3331] design addsub_mult_accum has unconnected port PIN[fab][46]
WARNING: [Synth 8-3331] design addsub_mult_accum has unconnected port PIN[fab][45]
WARNING: [Synth 8-3331] design addsub_mult_accum has unconnected port PIN[fab][44]
WARNING: [Synth 8-3331] design addsub_mult_accum has unconnected port PIN[fab][43]
WARNING: [Synth 8-3331] design addsub_mult_accum has unconnected port PIN[fab][42]
WARNING: [Synth 8-3331] design addsub_mult_accum has unconnected port PIN[fab][41]
WARNING: [Synth 8-3331] design addsub_mult_accum has unconnected port PIN[fab][40]
WARNING: [Synth 8-3331] design addsub_mult_accum has unconnected port PIN[fab][39]
WARNING: [Synth 8-3331] design addsub_mult_accum has unconnected port PIN[fab][38]
WARNING: [Synth 8-3331] design addsub_mult_accum has unconnected port PIN[fab][37]
WARNING: [Synth 8-3331] design addsub_mult_accum has unconnected port PIN[fab][36]
WARNING: [Synth 8-3331] design addsub_mult_accum has unconnected port PIN[fab][35]
WARNING: [Synth 8-3331] design addsub_mult_accum has unconnected port PIN[fab][34]
WARNING: [Synth 8-3331] design addsub_mult_accum has unconnected port PIN[fab][33]
WARNING: [Synth 8-3331] design addsub_mult_accum has unconnected port PIN[fab][32]
WARNING: [Synth 8-3331] design addsub_mult_accum has unconnected port PIN[fab][31]
WARNING: [Synth 8-3331] design addsub_mult_accum has unconnected port PIN[fab][30]
WARNING: [Synth 8-3331] design addsub_mult_accum has unconnected port PIN[fab][29]
WARNING: [Synth 8-3331] design addsub_mult_accum has unconnected port PIN[fab][28]
WARNING: [Synth 8-3331] design addsub_mult_accum has unconnected port PIN[fab][27]
WARNING: [Synth 8-3331] design addsub_mult_accum has unconnected port PIN[fab][26]
WARNING: [Synth 8-3331] design addsub_mult_accum has unconnected port PIN[fab][25]
WARNING: [Synth 8-3331] design addsub_mult_accum has unconnected port PIN[fab][24]
WARNING: [Synth 8-3331] design addsub_mult_accum has unconnected port PIN[fab][23]
WARNING: [Synth 8-3331] design addsub_mult_accum has unconnected port PIN[fab][22]
WARNING: [Synth 8-3331] design addsub_mult_accum has unconnected port PIN[fab][21]
WARNING: [Synth 8-3331] design addsub_mult_accum has unconnected port PIN[fab][20]
WARNING: [Synth 8-3331] design addsub_mult_accum has unconnected port PIN[fab][19]
WARNING: [Synth 8-3331] design addsub_mult_accum has unconnected port PIN[fab][18]
WARNING: [Synth 8-3331] design addsub_mult_accum has unconnected port PIN[fab][17]
WARNING: [Synth 8-3331] design addsub_mult_accum has unconnected port PIN[fab][16]
WARNING: [Synth 8-3331] design addsub_mult_accum has unconnected port PIN[fab][15]
WARNING: [Synth 8-3331] design addsub_mult_accum has unconnected port PIN[fab][14]
WARNING: [Synth 8-3331] design addsub_mult_accum has unconnected port PIN[fab][13]
WARNING: [Synth 8-3331] design addsub_mult_accum has unconnected port PIN[fab][12]
WARNING: [Synth 8-3331] design addsub_mult_accum has unconnected port PIN[fab][11]
WARNING: [Synth 8-3331] design addsub_mult_accum has unconnected port PIN[fab][10]
WARNING: [Synth 8-3331] design addsub_mult_accum has unconnected port PIN[fab][9]
WARNING: [Synth 8-3331] design addsub_mult_accum has unconnected port PIN[fab][8]
WARNING: [Synth 8-3331] design addsub_mult_accum has unconnected port PIN[fab][7]
WARNING: [Synth 8-3331] design addsub_mult_accum has unconnected port PIN[fab][6]
WARNING: [Synth 8-3331] design addsub_mult_accum has unconnected port PIN[fab][5]
WARNING: [Synth 8-3331] design addsub_mult_accum has unconnected port PIN[fab][4]
WARNING: [Synth 8-3331] design addsub_mult_accum has unconnected port PIN[fab][3]
WARNING: [Synth 8-3331] design addsub_mult_accum has unconnected port PIN[fab][2]
WARNING: [Synth 8-3331] design addsub_mult_accum has unconnected port PIN[fab][1]
WARNING: [Synth 8-3331] design addsub_mult_accum has unconnected port PIN[fab][0]
WARNING: [Synth 8-3331] design addsub_mult_accum has unconnected port PIN[casc][52]
WARNING: [Synth 8-3331] design addsub_mult_accum has unconnected port PIN[casc][51]
WARNING: [Synth 8-3331] design addsub_mult_accum has unconnected port PIN[casc][50]
WARNING: [Synth 8-3331] design addsub_mult_accum has unconnected port PIN[casc][49]
WARNING: [Synth 8-3331] design addsub_mult_accum has unconnected port PIN[casc][48]
WARNING: [Synth 8-3331] design sp_mem__parameterized0 has unconnected port DATA_IN[15]
WARNING: [Synth 8-3331] design sp_mem__parameterized0 has unconnected port DATA_IN[14]
WARNING: [Synth 8-3331] design sp_mem__parameterized0 has unconnected port DATA_IN[13]
WARNING: [Synth 8-3331] design sp_mem__parameterized0 has unconnected port DATA_IN[12]
WARNING: [Synth 8-3331] design sp_mem__parameterized0 has unconnected port DATA_IN[11]
WARNING: [Synth 8-3331] design sp_mem__parameterized0 has unconnected port DATA_IN[10]
WARNING: [Synth 8-3331] design sp_mem__parameterized0 has unconnected port DATA_IN[9]
WARNING: [Synth 8-3331] design sp_mem__parameterized0 has unconnected port DATA_IN[8]
WARNING: [Synth 8-3331] design sp_mem__parameterized0 has unconnected port DATA_IN[7]
WARNING: [Synth 8-3331] design sp_mem__parameterized0 has unconnected port DATA_IN[6]
WARNING: [Synth 8-3331] design sp_mem__parameterized0 has unconnected port DATA_IN[5]
WARNING: [Synth 8-3331] design sp_mem__parameterized0 has unconnected port DATA_IN[4]
WARNING: [Synth 8-3331] design sp_mem__parameterized0 has unconnected port DATA_IN[3]
WARNING: [Synth 8-3331] design sp_mem__parameterized0 has unconnected port DATA_IN[2]
WARNING: [Synth 8-3331] design sp_mem__parameterized0 has unconnected port DATA_IN[1]
WARNING: [Synth 8-3331] design sp_mem__parameterized0 has unconnected port DATA_IN[0]
WARNING: [Synth 8-3331] design sp_mem__parameterized0 has unconnected port WE
WARNING: [Synth 8-3331] design sp_mem__parameterized0 has unconnected port SCLR
INFO: [Common 17-14] Message 'Synth 8-3331' appears 100 times and further instances of the messages will be disabled. Use the Tcl command set_msg_config to change the current settings.
---------------------------------------------------------------------------------
Finished RTL Elaboration : Time (s): cpu = 00:00:13 ; elapsed = 00:00:16 . Memory (MB): peak = 513.699 ; gain = 200.715
---------------------------------------------------------------------------------

Report Check Netlist: 
+------+------------------+-------+---------+-------+------------------+
|      |Item              |Errors |Warnings |Status |Description       |
+------+------------------+-------+---------+-------+------------------+
|1     |multi_driven_nets |      0|        0|Passed |Multi driven nets |
+------+------------------+-------+---------+-------+------------------+
---------------------------------------------------------------------------------
Start Handling Custom Attributes
---------------------------------------------------------------------------------
---------------------------------------------------------------------------------
Finished Handling Custom Attributes : Time (s): cpu = 00:00:13 ; elapsed = 00:00:17 . Memory (MB): peak = 513.699 ; gain = 200.715
---------------------------------------------------------------------------------
---------------------------------------------------------------------------------
Finished RTL Optimization Phase 1 : Time (s): cpu = 00:00:13 ; elapsed = 00:00:17 . Memory (MB): peak = 513.699 ; gain = 200.715
---------------------------------------------------------------------------------
INFO: [Netlist 29-17] Analyzing 1 Unisim elements for replacement
INFO: [Netlist 29-28] Unisim Transformation completed in 0 CPU seconds
INFO: [Device 21-403] Loading part xc7a100tcsg324-1
INFO: [Project 1-570] Preparing netlist for logic optimization

Processing XDC Constraints
Initializing timing engine
Parsing XDC File [e:/ECE_471/Labs/nexysFIR/blockDiag/stateMachineFirlet/stateMachineFirlet.srcs/sources_1/ip/fir_compiler_1/fir_compiler_1_ooc.xdc] for cell 'U0'
Finished Parsing XDC File [e:/ECE_471/Labs/nexysFIR/blockDiag/stateMachineFirlet/stateMachineFirlet.srcs/sources_1/ip/fir_compiler_1/fir_compiler_1_ooc.xdc] for cell 'U0'
Parsing XDC File [e:/ECE_471/Labs/nexysFIR/blockDiag/stateMachineFirlet/stateMachineFirlet.srcs/sources_1/ip/fir_compiler_1/constraints/fir_compiler_v7_2.xdc] for cell 'U0'
Finished Parsing XDC File [e:/ECE_471/Labs/nexysFIR/blockDiag/stateMachineFirlet/stateMachineFirlet.srcs/sources_1/ip/fir_compiler_1/constraints/fir_compiler_v7_2.xdc] for cell 'U0'
Parsing XDC File [E:/ECE_471/Labs/nexysFIR/blockDiag/stateMachineFirlet/stateMachineFirlet.runs/fir_compiler_1_synth_1/dont_touch.xdc]
Finished Parsing XDC File [E:/ECE_471/Labs/nexysFIR/blockDiag/stateMachineFirlet/stateMachineFirlet.runs/fir_compiler_1_synth_1/dont_touch.xdc]
Completed Processing XDC Constraints

INFO: [Project 1-111] Unisim Transformation Summary:
No Unisim elements were transformed.

Constraint Validation Runtime : Time (s): cpu = 00:00:00 ; elapsed = 00:00:00.118 . Memory (MB): peak = 736.258 ; gain = 0.000
---------------------------------------------------------------------------------
Finished Constraint Validation : Time (s): cpu = 00:00:25 ; elapsed = 00:00:36 . Memory (MB): peak = 736.258 ; gain = 423.273
---------------------------------------------------------------------------------
---------------------------------------------------------------------------------
Start Loading Part and Timing Information
---------------------------------------------------------------------------------
Loading part: xc7a100tcsg324-1
---------------------------------------------------------------------------------
Finished Loading Part and Timing Information : Time (s): cpu = 00:00:25 ; elapsed = 00:00:36 . Memory (MB): peak = 736.258 ; gain = 423.273
---------------------------------------------------------------------------------
---------------------------------------------------------------------------------
Start Applying 'set_property' XDC Constraints
---------------------------------------------------------------------------------
Applied set_property DONT_TOUCH = true for U0. (constraint file  E:/ECE_471/Labs/nexysFIR/blockDiag/stateMachineFirlet/stateMachineFirlet.runs/fir_compiler_1_synth_1/dont_touch.xdc, line 9).
---------------------------------------------------------------------------------
Finished applying 'set_property' XDC Constraints : Time (s): cpu = 00:00:25 ; elapsed = 00:00:36 . Memory (MB): peak = 736.258 ; gain = 423.273
---------------------------------------------------------------------------------
INFO: [Synth 8-5542] Attribute ram_style/rom_style = distributed specified for ROM  "rom". This will be implemented in logic
INFO: [Synth 8-5546] ROM "add" won't be mapped to RAM because it is too sparse
---------------------------------------------------------------------------------
Finished RTL Optimization Phase 2 : Time (s): cpu = 00:00:26 ; elapsed = 00:00:38 . Memory (MB): peak = 736.258 ; gain = 423.273
---------------------------------------------------------------------------------
INFO: [Synth 8-223] decloning instance 'U0/i_synth/g_single_rate.i_single_rate/g_semi_parallel_and_smac.g_cntrl_signals[4].i_delay' (delay__parameterized5) to 'U0/i_synth/g_single_rate.i_single_rate/g_semi_parallel_and_smac.g_cntrl_signals[5].i_delay'

Report RTL Partitions: 
+-+--------------+------------+----------+
| |RTL Partition |Replication |Instances |
+-+--------------+------------+----------+
+-+--------------+------------+----------+
---------------------------------------------------------------------------------
Start RTL Component Statistics 
---------------------------------------------------------------------------------
---------------------------------------------------------------------------------
Finished RTL Component Statistics 
---------------------------------------------------------------------------------
---------------------------------------------------------------------------------
Start RTL Hierarchical Component Statistics 
---------------------------------------------------------------------------------
---------------------------------------------------------------------------------
Finished RTL Hierarchical Component Statistics
---------------------------------------------------------------------------------
---------------------------------------------------------------------------------
Start Part Resource Summary
---------------------------------------------------------------------------------
Part Resources:
DSPs: 240 (col length:80)
BRAMs: 270 (col length: RAMB18 80 RAMB36 40)
---------------------------------------------------------------------------------
Finished Part Resource Summary
---------------------------------------------------------------------------------
---------------------------------------------------------------------------------
Start Cross Boundary and Area Optimization
---------------------------------------------------------------------------------
Warning: Parallel synthesis criteria is not met 
INFO: [Synth 8-5542] Attribute ram_style/rom_style = distributed specified for ROM  "p_0_out". This will be implemented in logic
INFO: [Synth 8-3332] Sequential element (g_single_rate.i_single_rate/g_semi_parallel_and_smac.g_cntrl_signals[6].i_delay/gen_dly.gen_regs.delay_bus_reg[0][0]) is unused and will be removed from module fir_compiler_v7_2_11_viv.
INFO: [Synth 8-3332] Sequential element (g_single_rate.i_single_rate/g_semi_parallel_and_smac.g_cntrl_signals[6].i_delay/gen_dly.gen_regs.delay_bus_reg[1][0]) is unused and will be removed from module fir_compiler_v7_2_11_viv.
INFO: [Synth 8-3332] Sequential element (g_single_rate.i_single_rate/g_semi_parallel_and_smac.g_cntrl_signals[6].i_delay/gen_dly.gen_regs.delay_bus_reg[2][0]) is unused and will be removed from module fir_compiler_v7_2_11_viv.
INFO: [Synth 8-3332] Sequential element (g_single_rate.i_single_rate/g_semi_parallel_and_smac.g_cntrl_signals[4].i_delay/gen_reg.d_reg_reg[0]) is unused and will be removed from module fir_compiler_v7_2_11_viv.
INFO: [Synth 8-3332] Sequential element (g_single_rate.i_single_rate/g_semi_parallel_and_smac.flush_data_reg) is unused and will be removed from module fir_compiler_v7_2_11_viv.
INFO: [Synth 8-3332] Sequential element (g_single_rate.i_single_rate/g_semi_parallel_and_smac.g_cntrl_signals[2].i_delay/gen_reg.d_reg_reg[0]) is unused and will be removed from module fir_compiler_v7_2_11_viv.
INFO: [Synth 8-3332] Sequential element (g_single_rate.i_single_rate/g_semi_parallel_and_smac.flush_datax2_reg) is unused and will be removed from module fir_compiler_v7_2_11_viv.
INFO: [Synth 8-3886] merging instance 'U0/i_synth/g_single_rate.i_single_rate/g_semi_parallel_and_smac.g_smac_cntrl.accum_opcode_reg[3]' (FD) to 'U0/i_synth/g_single_rate.i_single_rate/g_semi_parallel_and_smac.g_smac_cntrl.accum_opcode_reg[5]'
INFO: [Synth 8-3886] merging instance 'U0/i_synth/g_single_rate.i_single_rate/g_semi_parallel_and_smac.g_smac_cntrl.accum_opcode_reg[6]' (FD) to 'U0/i_synth/g_single_rate.i_single_rate/g_semi_parallel_and_smac.g_smac_cntrl.accum_opcode_reg[0]'
INFO: [Synth 8-3886] merging instance 'U0/i_synth/g_single_rate.i_single_rate/g_semi_parallel_and_smac.g_smac_cntrl.accum_opcode_reg[7]' (FD) to 'U0/i_synth/g_single_rate.i_single_rate/g_semi_parallel_and_smac.g_smac_cntrl.accum_opcode_reg[0]'
INFO: [Synth 8-3886] merging instance 'U0/i_synth/g_single_rate.i_single_rate/g_semi_parallel_and_smac.g_smac_cntrl.accum_opcode_reg[9]' (FD) to 'U0/i_synth/g_single_rate.i_single_rate/g_semi_parallel_and_smac.g_smac_cntrl.accum_opcode_reg[0]'
INFO: [Synth 8-3886] merging instance 'U0/i_synth/g_single_rate.i_single_rate/g_semi_parallel_and_smac.g_smac_cntrl.accum_opcode_reg[0]' (FD) to 'U0/i_synth/g_single_rate.i_single_rate/g_semi_parallel_and_smac.g_smac_cntrl.accum_opcode_reg[1]'
INFO: [Synth 8-3886] merging instance 'U0/i_synth/g_single_rate.i_single_rate/g_semi_parallel_and_smac.g_smac_cntrl.accum_opcode_reg[1]' (FD) to 'U0/i_synth/g_single_rate.i_single_rate/g_semi_parallel_and_smac.g_smac_cntrl.accum_opcode_reg[2]'
INFO: [Synth 8-3333] propagating constant 0 across sequential element (U0/i_synth/\g_single_rate.i_single_rate/g_semi_parallel_and_smac.g_smac_cntrl.accum_opcode_reg[2] )
INFO: [Synth 8-3886] merging instance 'U0/i_synth/g_single_rate.i_single_rate/g_semi_parallel_and_smac.g_paths[0].g_mem_array[1].i_mem/g_individual.i_mem_a/gen_dram.gen_rom.d_out_reg[11]' (FDE) to 'U0/i_synth/g_single_rate.i_single_rate/g_semi_parallel_and_smac.g_paths[0].g_mem_array[1].i_mem/g_individual.i_mem_a/gen_dram.gen_rom.d_out_reg[12]'
INFO: [Synth 8-3886] merging instance 'U0/i_synth/g_single_rate.i_single_rate/g_semi_parallel_and_smac.g_paths[0].g_mem_array[1].i_mem/g_individual.i_mem_a/gen_dram.gen_rom.d_out_reg[13]' (FDE) to 'U0/i_synth/g_single_rate.i_single_rate/g_semi_parallel_and_smac.g_paths[0].g_mem_array[1].i_mem/g_individual.i_mem_a/gen_dram.gen_rom.d_out_reg[15]'
INFO: [Synth 8-3333] propagating constant 0 across sequential element (U0/i_synth/\g_single_rate.i_single_rate/g_semi_parallel_and_smac.g_paths[0].g_mem_array[1].i_mem/g_individual.i_mem_a /\gen_dram.gen_rom.d_out_reg[15] )
INFO: [Synth 8-3333] propagating constant 0 across sequential element (U0/i_synth/\g_single_rate.i_single_rate/g_m_data_chan_no_fifo.m_axis_data_tlast_int_reg )
INFO: [Synth 8-3332] Sequential element (rd_avail_2_reg) is unused and will be removed from module glb_srl_fifo.
INFO: [Synth 8-3332] Sequential element (rd_valid_2_reg) is unused and will be removed from module glb_srl_fifo.
INFO: [Synth 8-3332] Sequential element (full_1_reg) is unused and will be removed from module glb_srl_fifo.
INFO: [Synth 8-3332] Sequential element (not_full_1_reg) is unused and will be removed from module glb_srl_fifo.
INFO: [Synth 8-3332] Sequential element (afull_1_reg) is unused and will be removed from module glb_srl_fifo.
INFO: [Synth 8-3332] Sequential element (aempty_1_reg) is unused and will be removed from module glb_srl_fifo.
INFO: [Synth 8-3332] Sequential element (not_aempty_1_reg) is unused and will be removed from module glb_srl_fifo.
INFO: [Synth 8-3332] Sequential element (gen_dram.gen_rom.d_out_reg[15]) is unused and will be removed from module sp_mem__parameterized0.
INFO: [Synth 8-3332] Sequential element (g_single_rate.i_single_rate/g_m_data_chan_no_fifo.m_axis_data_tlast_int_reg) is unused and will be removed from module fir_compiler_v7_2_11_viv.
INFO: [Synth 8-3332] Sequential element (g_single_rate.i_single_rate/g_semi_parallel_and_smac.g_smac_cntrl.accum_opcode_reg[2]) is unused and will be removed from module fir_compiler_v7_2_11_viv.
---------------------------------------------------------------------------------
Finished Cross Boundary and Area Optimization : Time (s): cpu = 00:00:27 ; elapsed = 00:00:41 . Memory (MB): peak = 736.258 ; gain = 423.273
---------------------------------------------------------------------------------

Report RTL Partitions: 
+-+--------------+------------+----------+
| |RTL Partition |Replication |Instances |
+-+--------------+------------+----------+
+-+--------------+------------+----------+
---------------------------------------------------------------------------------
Start Applying XDC Timing Constraints
---------------------------------------------------------------------------------
---------------------------------------------------------------------------------
Finished Applying XDC Timing Constraints : Time (s): cpu = 00:00:40 ; elapsed = 00:00:55 . Memory (MB): peak = 847.379 ; gain = 534.395
---------------------------------------------------------------------------------
---------------------------------------------------------------------------------
Start Timing Optimization
---------------------------------------------------------------------------------
---------------------------------------------------------------------------------
Finished Timing Optimization : Time (s): cpu = 00:00:41 ; elapsed = 00:00:55 . Memory (MB): peak = 867.379 ; gain = 554.395
---------------------------------------------------------------------------------

Report RTL Partitions: 
+-+--------------+------------+----------+
| |RTL Partition |Replication |Instances |
+-+--------------+------------+----------+
+-+--------------+------------+----------+
---------------------------------------------------------------------------------
Start Technology Mapping
---------------------------------------------------------------------------------
INFO: [Synth 8-3886] merging instance 'U0/i_synth/g_single_rate.i_single_rate/g_semi_parallel_and_smac.g_paths[0].g_mem_array[1].i_mem/g_individual.i_mem_a/gen_dram.gen_rom.d_out_reg[12]' (FDE) to 'U0/i_synth/g_single_rate.i_single_rate/g_semi_parallel_and_smac.g_paths[0].g_mem_array[1].i_mem/g_individual.i_mem_a/gen_dram.gen_rom.d_out_reg[14]'
---------------------------------------------------------------------------------
Finished Technology Mapping : Time (s): cpu = 00:00:41 ; elapsed = 00:00:56 . Memory (MB): peak = 867.379 ; gain = 554.395
---------------------------------------------------------------------------------

Report RTL Partitions: 
+-+--------------+------------+----------+
| |RTL Partition |Replication |Instances |
+-+--------------+------------+----------+
+-+--------------+------------+----------+
---------------------------------------------------------------------------------
Start IO Insertion
---------------------------------------------------------------------------------
---------------------------------------------------------------------------------
Start Flattening Before IO Insertion
---------------------------------------------------------------------------------
---------------------------------------------------------------------------------
Finished Flattening Before IO Insertion
---------------------------------------------------------------------------------
---------------------------------------------------------------------------------
Start Final Netlist Cleanup
---------------------------------------------------------------------------------
---------------------------------------------------------------------------------
Finished Final Netlist Cleanup
---------------------------------------------------------------------------------
---------------------------------------------------------------------------------
Finished IO Insertion : Time (s): cpu = 00:00:42 ; elapsed = 00:00:57 . Memory (MB): peak = 867.379 ; gain = 554.395
---------------------------------------------------------------------------------

Report Check Netlist: 
+------+------------------+-------+---------+-------+------------------+
|      |Item              |Errors |Warnings |Status |Description       |
+------+------------------+-------+---------+-------+------------------+
|1     |multi_driven_nets |      0|        0|Passed |Multi driven nets |
+------+------------------+-------+---------+-------+------------------+
---------------------------------------------------------------------------------
Start Renaming Generated Instances
---------------------------------------------------------------------------------
---------------------------------------------------------------------------------
Finished Renaming Generated Instances : Time (s): cpu = 00:00:42 ; elapsed = 00:00:57 . Memory (MB): peak = 867.379 ; gain = 554.395
---------------------------------------------------------------------------------

Report RTL Partitions: 
+-+--------------+------------+----------+
| |RTL Partition |Replication |Instances |
+-+--------------+------------+----------+
+-+--------------+------------+----------+
---------------------------------------------------------------------------------
Start Rebuilding User Hierarchy
---------------------------------------------------------------------------------
---------------------------------------------------------------------------------
Finished Rebuilding User Hierarchy : Time (s): cpu = 00:00:42 ; elapsed = 00:00:57 . Memory (MB): peak = 867.379 ; gain = 554.395
---------------------------------------------------------------------------------
---------------------------------------------------------------------------------
Start Renaming Generated Ports
---------------------------------------------------------------------------------
---------------------------------------------------------------------------------
Finished Renaming Generated Ports : Time (s): cpu = 00:00:42 ; elapsed = 00:00:57 . Memory (MB): peak = 867.379 ; gain = 554.395
---------------------------------------------------------------------------------
---------------------------------------------------------------------------------
Start Handling Custom Attributes
---------------------------------------------------------------------------------
---------------------------------------------------------------------------------
Finished Handling Custom Attributes : Time (s): cpu = 00:00:42 ; elapsed = 00:00:57 . Memory (MB): peak = 867.379 ; gain = 554.395
---------------------------------------------------------------------------------
---------------------------------------------------------------------------------
Start Renaming Generated Nets
---------------------------------------------------------------------------------
---------------------------------------------------------------------------------
Finished Renaming Generated Nets : Time (s): cpu = 00:00:42 ; elapsed = 00:00:57 . Memory (MB): peak = 867.379 ; gain = 554.395
---------------------------------------------------------------------------------
---------------------------------------------------------------------------------
Start Writing Synthesis Report
---------------------------------------------------------------------------------

Report BlackBoxes: 
+-+--------------+----------+
| |BlackBox name |Instances |
+-+--------------+----------+
+-+--------------+----------+

Report Cell Usage: 
+------+--------+------+
|      |Cell    |Count |
+------+--------+------+
|1     |DSP48E1 |     1|
|2     |LUT1    |     3|
|3     |LUT2    |    12|
|4     |LUT3    |     5|
|5     |LUT4    |     7|
|6     |LUT5    |    16|
|7     |LUT6    |     5|
|8     |SRL16E  |    40|
|9     |SRLC32E |    32|
|10    |FDRE    |   165|
|11    |FDSE    |     3|
+------+--------+------+
---------------------------------------------------------------------------------
Finished Writing Synthesis Report : Time (s): cpu = 00:00:42 ; elapsed = 00:00:57 . Memory (MB): peak = 867.379 ; gain = 554.395
---------------------------------------------------------------------------------
Synthesis finished with 0 errors, 0 critical warnings and 32 warnings.
Synthesis Optimization Runtime : Time (s): cpu = 00:00:22 ; elapsed = 00:00:44 . Memory (MB): peak = 867.379 ; gain = 331.836
Synthesis Optimization Complete : Time (s): cpu = 00:00:42 ; elapsed = 00:00:57 . Memory (MB): peak = 867.379 ; gain = 554.395
INFO: [Project 1-571] Translating synthesized netlist
INFO: [Netlist 29-17] Analyzing 1 Unisim elements for replacement
INFO: [Netlist 29-28] Unisim Transformation completed in 0 CPU seconds
INFO: [Project 1-570] Preparing netlist for logic optimization
INFO: [Opt 31-138] Pushed 0 inverter(s) to 0 load pin(s).
INFO: [Project 1-111] Unisim Transformation Summary:
No Unisim elements were transformed.

INFO: [Common 17-83] Releasing license: Synthesis
50 Infos, 100 Warnings, 0 Critical Warnings and 0 Errors encountered.
synth_design completed successfully
synth_design: Time (s): cpu = 00:00:44 ; elapsed = 00:01:00 . Memory (MB): peak = 867.586 ; gain = 566.441
INFO: [Common 17-1381] The checkpoint 'E:/ECE_471/Labs/nexysFIR/blockDiag/stateMachineFirlet/stateMachineFirlet.runs/fir_compiler_1_synth_1/fir_compiler_1.dcp' has been generated.
