#
# A fatal error has been detected by the Java Runtime Environment:
#
#  EXCEPTION_ACCESS_VIOLATION (0xc0000005) at pc=0x000007fecb6eecd5, pid=8924, tid=0x00000000000022ec
#
# JRE version: Java(TM) SE Runtime Environment (8.0_112-b15) (build 1.8.0_112-b15)
# Java VM: Java HotSpot(TM) 64-Bit Server VM (25.112-b15 mixed mode windows-amd64 compressed oops)
# Problematic frame:
# C  [librdi_common.dll+0x11ecd5]
#
# Failed to write core dump. Minidumps are not enabled by default on client versions of Windows
#
# If you would like to submit a bug report, please visit:
#   http://bugreport.java.com/bugreport/crash.jsp
# The crash happened outside the Java Virtual Machine in native code.
# See problematic frame for where to report the bug.
#

---------------  T H R E A D  ---------------

Current thread (0x000000002d2a4000):  JavaThread "AWT-EventQueue-1" [_thread_in_native, id=8940, stack(0x000000002b4d0000,0x000000002b9d0000)]

siginfo: ExceptionCode=0xc0000005, reading address 0x0000000000000058

Registers:
RAX=0x00000000098e4d30, RBX=0x0000000000000040, RCX=0x000000000a49b610, RDX=0x0000000000000018
RSP=0x000000002b9cc9f0, RBP=0x000000002b9ccb60, RSI=0x000000002d2a41f8, RDI=0x000000002b9cca80
R8 =0x0000000000000000, R9 =0x0000000701a0c498, R10=0x000007feb7c065b0, R11=0x0000000000000000
R12=0x0000000000000000, R13=0x0000000012b92644, R14=0x000000002b9ccb50, R15=0x000000002d2a4000
RIP=0x000007fecb6eecd5, EFLAGS=0x0000000000010206

Top of Stack: (sp=0x000000002b9cc9f0)
0x000000002b9cc9f0:   0000000000000000 0000000000000000
0x000000002b9cca00:   0000000000000000 0000000000000000
0x000000002b9cca10:   0000000000000001 000007feb7c06612
0x000000002b9cca20:   000000003113bb80 0000000000000000
0x000000002b9cca30:   0000000000000000 0000000000000000
0x000000002b9cca40:   000000002d2a41f8 fffffffffffffffe
0x000000002b9cca50:   0000000000000000 0000000000000000
0x000000002b9cca60:   0000000000000000 0000000000000000
0x000000002b9cca70:   000000003097c600 000000002aeac798
0x000000002b9cca80:   0000000000000000 000000002b9ccaa8
0x000000002b9cca90:   0000000000000000 0000000000000007
0x000000002b9ccaa0:   00000007bf12b020 0000000701720950
0x000000002b9ccab0:   000000002b9ccab0 000000000f48a321
0x000000002b9ccac0:   000000002b9ccb00 000000000f48afb0
0x000000002b9ccad0:   000000002d2a4000 000000002b9cca10
0x000000002b9ccae0:   0000000012b92644 0000c9c272b34c03 

Instructions: (pc=0x000007fecb6eecd5)
0x000007fecb6eecb5:   5c 24 48 48 83 c4 30 5f c3 cc cc 48 89 5c 24 08
0x000007fecb6eecc5:   57 48 83 ec 20 48 8b fa 48 8b d9 e8 0b 03 00 00
0x000007fecb6eecd5:   48 83 7b 18 10 4c 8b c8 72 05 48 8b 0b eb 03 48
0x000007fecb6eece5:   8b cb 48 8b 53 10 4c 8b c7 48 03 d1 48 8b 5c 24 


Register to memory mapping:

RAX=0x00000000098e4d30 is an unknown value
RBX=0x0000000000000040 is an unknown value
RCX=0x000000000a49b610 is an unknown value
RDX=0x0000000000000018 is an unknown value
RSP=0x000000002b9cc9f0 is pointing into the stack for thread: 0x000000002d2a4000
RBP=0x000000002b9ccb60 is pointing into the stack for thread: 0x000000002d2a4000
RSI=0x000000002d2a41f8 is an unknown value
RDI=0x000000002b9cca80 is pointing into the stack for thread: 0x000000002d2a4000
R8 =0x0000000000000000 is an unknown value
R9 =0x0000000701a0c498 is an oop
ui.data.design.I 
 - klass: 'ui/data/design/I'
R10=0x000007feb7c065b0 is an unknown value
R11=0x0000000000000000 is an unknown value
R12=0x0000000000000000 is an unknown value
R13=0x0000000012b92644 is at entry_point+2468 in (nmethod*)0x0000000012b918d0
R14=0x000000002b9ccb50 is pointing into the stack for thread: 0x000000002d2a4000
R15=0x000000002d2a4000 is a thread


Stack: [0x000000002b4d0000,0x000000002b9d0000],  sp=0x000000002b9cc9f0,  free space=5106k
Native frames: (J=compiled Java code, j=interpreted, Vv=VM code, C=native code)
C  [librdi_common.dll+0x11ecd5]
C  [librdi_filemgmt.dll+0x126612]
C  0x00000000143370c3

Java frames: (J=compiled Java code, j=interpreted, Vv=VM code)
J 10970  ui.data.design.dai.FileSet_getName(J)Ljava/lang/String; (0 bytes) @ 0x0000000014337041 [0x0000000014337000+0x41]
J 19015 C1 ui.project.a.ejN()Ljava/lang/String; (165 bytes) @ 0x0000000015894694 [0x0000000015893640+0x1054]
J 21269 C1 ui.project.a.md(Z)Ljava/lang/String; (330 bytes) @ 0x0000000015bddf0c [0x0000000015bdd100+0xe0c]
J 21323 C1 ui.views.S.aC.P(Lui/project/a;)V (732 bytes) @ 0x000000001402ad9c [0x00000000140297c0+0x15dc]
J 19568 C1 ui.views.S.aC.update()V (145 bytes) @ 0x0000000013d9e1f4 [0x0000000013d9dfc0+0x234]
J 16697 C1 ui.views.S.s.gmF()V (57 bytes) @ 0x0000000015202bdc [0x0000000015202b00+0xdc]
J 20301 C1 ui.bk.W()V (43 bytes) @ 0x0000000012e27a44 [0x0000000012e274c0+0x584]
J 17880 C1 ui.views.cj.a(Lui/frmwork/b/a;)V (104 bytes) @ 0x00000000155fa754 [0x00000000155fa3e0+0x374]
J 21611 C1 ui.views.an.a(Lui/frmwork/b/a;)V (655 bytes) @ 0x0000000015fc2f3c [0x0000000015fc2ea0+0x9c]
J 22815 C2 ui.frmwork.b.c.g(Lui/frmwork/b/a;)V (94 bytes) @ 0x0000000013bf2168 [0x0000000013bf1fc0+0x1a8]
J 20869 C1 ui.frmwork.b.c.b(Lui/frmwork/b/a;)V (64 bytes) @ 0x00000000134f6574 [0x00000000134f58c0+0xcb4]
J 19949 C1 ui.data.bq.a(Ljava/lang/Object;Ljava/lang/Object;)V (60 bytes) @ 0x0000000015beed74 [0x0000000015bee8c0+0x4b4]
j  ui.data.bq.A(Ljava/lang/Object;)V+145
J 20208 C1 ui.utils.o.x.R.clearSelection()V (87 bytes) @ 0x00000000140d45b4 [0x00000000140d3d80+0x834]
J 16709 C1 javax.swing.tree.VariableHeightLayoutCache.rebuild(Z)V (198 bytes) @ 0x0000000015210164 [0x000000001520eda0+0x13c4]
J 20491 C1 javax.swing.tree.VariableHeightLayoutCache.treeStructureChanged(Ljavax/swing/event/TreeModelEvent;)V (246 bytes) @ 0x00000000148c0d94 [0x00000000148bef80+0x1e14]
J 19441 C1 javax.swing.plaf.basic.BasicTreeUI$Handler.treeStructureChanged(Ljavax/swing/event/TreeModelEvent;)V (79 bytes) @ 0x00000000136e1204 [0x00000000136e1060+0x1a4]
J 18111 C1 com.jidesoft.tree.AbstractTreeModel.fireTreeStructureChanged(Ljava/lang/Object;[Ljava/lang/Object;[I[Ljava/lang/Object;)V (89 bytes) @ 0x000000001562e9d4 [0x000000001562e2c0+0x714]
J 18110 C1 com.jidesoft.tree.DefaultTreeModelWrapper.treeStructureChanged(Ljavax/swing/event/TreeModelEvent;)V (54 bytes) @ 0x00000000125e5894 [0x00000000125e4ec0+0x9d4]
J 20204 C1 com.jidesoft.tree.FilterableTreeModel.treeStructureChanged(Ljavax/swing/event/TreeModelEvent;)V (19 bytes) @ 0x000000001570ea44 [0x000000001570e8e0+0x164]
J 18111 C1 com.jidesoft.tree.AbstractTreeModel.fireTreeStructureChanged(Ljava/lang/Object;[Ljava/lang/Object;[I[Ljava/lang/Object;)V (89 bytes) @ 0x000000001562e9d4 [0x000000001562e2c0+0x714]
J 18110 C1 com.jidesoft.tree.DefaultTreeModelWrapper.treeStructureChanged(Ljavax/swing/event/TreeModelEvent;)V (54 bytes) @ 0x00000000125e5894 [0x00000000125e4ec0+0x9d4]
J 19536 C1 javax.swing.tree.DefaultTreeModel.fireTreeStructureChanged(Ljava/lang/Object;[Ljava/lang/Object;[I[Ljava/lang/Object;)V (77 bytes) @ 0x0000000013777cbc [0x0000000013777640+0x67c]
J 19679 C1 javax.swing.tree.DefaultTreeModel.nodeStructureChanged(Ljavax/swing/tree/TreeNode;)V (17 bytes) @ 0x0000000015430fe4 [0x0000000015430d20+0x2c4]
j  ui.views.p.K.fso()V+44
J 28327 C1 ui.data.design.n.d(Lui/views/p/L;)V (77 bytes) @ 0x0000000014d33fcc [0x0000000014d33460+0xb6c]
J 28659 C2 ui.data.design.o.cU()V (121 bytes) @ 0x00000000174e9cf8 [0x00000000174e8600+0x16f8]
J 18025 C2 ui.utils.u.actionPerformed(Ljava/awt/event/ActionEvent;)V (156 bytes) @ 0x000000001333f920 [0x000000001333f8c0+0x60]
J 17815 C2 ui.utils.t.fireActionPerformed(Ljava/awt/event/ActionEvent;)V (49 bytes) @ 0x0000000012f030dc [0x0000000012f02f80+0x15c]
J 13892 C2 javax.swing.Timer$DoPostEvent.run()V (95 bytes) @ 0x0000000014b5d5dc [0x0000000014b5d440+0x19c]
J 11002 C2 java.awt.EventQueue$3.run()Ljava/lang/Object; (5 bytes) @ 0x0000000013288af8 [0x00000000132887e0+0x318]
v  ~StubRoutines::call_stub
J 2094  java.security.AccessController.doPrivileged(Ljava/security/PrivilegedAction;Ljava/security/AccessControlContext;)Ljava/lang/Object; (0 bytes) @ 0x000000001293dce6 [0x000000001293dc80+0x66]
J 11003 C2 ui.frmwork.b.d.dispatchEvent(Ljava/awt/AWTEvent;)V (45 bytes) @ 0x00000000128c55b0 [0x00000000128c53c0+0x1f0]
J 18646 C2 java.awt.EventDispatchThread.pumpOneEventForFilters(I)V (295 bytes) @ 0x0000000015779a9c [0x00000000157796a0+0x3fc]
J 20057% C2 java.awt.EventDispatchThread.pumpEventsForFilter(ILjava/awt/Conditional;Ljava/awt/EventFilter;)V (47 bytes) @ 0x0000000012a213e0 [0x0000000012a212e0+0x100]
j  java.awt.EventDispatchThread.pumpEventsForHierarchy(ILjava/awt/Conditional;Ljava/awt/Component;)V+11
j  java.awt.EventDispatchThread.pumpEvents(ILjava/awt/Conditional;)V+4
j  java.awt.EventDispatchThread.pumpEvents(Ljava/awt/Conditional;)V+3
j  java.awt.EventDispatchThread.run()V+9
v  ~StubRoutines::call_stub

---------------  P R O C E S S  ---------------

Java Threads: ( => current thread )
  0x0000000035148000 JavaThread "Reloading" [_thread_blocked, id=4468, stack(0x000000006d670000,0x000000006db70000)]
  0x0000000035149000 JavaThread "Thread-1897" [_thread_in_native, id=7912, stack(0x0000000030ab0000,0x0000000030bb0000)]
  0x0000000034bdf800 JavaThread "Thread-1680" [_thread_in_native, id=4908, stack(0x0000000042110000,0x0000000042210000)]
  0x00000000351ec800 JavaThread "Thread-1558" [_thread_in_native, id=5444, stack(0x000000003d860000,0x000000003d960000)]
  0x00000000351eb800 JavaThread "Thread-1514" [_thread_in_native, id=10576, stack(0x0000000034210000,0x0000000034310000)]
  0x00000000351ea800 JavaThread "Thread-1447" [_thread_in_native, id=7900, stack(0x000000005ca20000,0x000000005cb20000)]
  0x00000000351e8800 JavaThread "Thread-1361" [_thread_in_native, id=3140, stack(0x000000003d270000,0x000000003d370000)]
  0x00000000351e7800 JavaThread "Thread-1328" [_thread_in_native, id=6520, stack(0x000000003d3a0000,0x000000003d4a0000)]
  0x00000000351e9000 JavaThread "Thread-1325" [_thread_in_native, id=324, stack(0x000000005d5e0000,0x000000005d6e0000)]
  0x00000000351e7000 JavaThread "Thread-1269" [_thread_in_native, id=3296, stack(0x00000000428f0000,0x00000000429f0000)]
  0x000000002967d800 JavaThread "Thread-1235" [_thread_in_native, id=9420, stack(0x00000000420f0000,0x00000000421f0000)]
  0x000000002967c000 JavaThread "Thread-1155" [_thread_in_native, id=9748, stack(0x0000000030a80000,0x0000000030b80000)]
  0x000000002967b800 JavaThread "Thread-1121" [_thread_in_native, id=8980, stack(0x0000000042c20000,0x0000000042d20000)]
  0x000000002967a800 JavaThread "Thread-1093" [_thread_in_native, id=10456, stack(0x0000000042200000,0x0000000042300000)]
  0x000000002d2d8000 JavaThread "Thread-1004" [_thread_in_native, id=5656, stack(0x0000000030a70000,0x0000000030b70000)]
  0x000000002d2e2800 JavaThread "Thread-882" [_thread_in_native, id=5428, stack(0x000000003d880000,0x000000003d980000)]
  0x000000002dd50000 JavaThread "Thread-776" [_thread_in_native, id=5124, stack(0x000000003d270000,0x000000003d370000)]
  0x0000000034bdc800 JavaThread "Thread-650" [_thread_in_native, id=11072, stack(0x000000002c8f0000,0x000000002c9f0000)]
  0x0000000034621000 JavaThread "Thread-613" [_thread_in_native, id=5280, stack(0x00000000425b0000,0x00000000426b0000)]
  0x0000000034620000 JavaThread "Thread-542" [_thread_in_native, id=2516, stack(0x00000000421e0000,0x00000000422e0000)]
  0x000000003461b800 JavaThread "Thread-504" [_thread_in_native, id=10296, stack(0x000000003d880000,0x000000003d980000)]
  0x000000003461b000 JavaThread "Thread-432" [_thread_in_native, id=8228, stack(0x0000000030ab0000,0x0000000030bb0000)]
  0x000000003461a000 JavaThread "Thread-351" [_thread_in_native, id=4768, stack(0x000000005b6e0000,0x000000005b7e0000)]
  0x0000000034bdd000 JavaThread "Thread-350" [_thread_in_native, id=6248, stack(0x000000002c9e0000,0x000000002cae0000)]
  0x0000000034be1000 JavaThread "Thread-210" [_thread_in_native, id=8408, stack(0x000000003d040000,0x000000003d140000)]
  0x0000000034be0000 JavaThread "Thread-191" [_thread_in_native, id=10936, stack(0x000000002ca10000,0x000000002cb10000)]
  0x0000000034bde800 JavaThread "Thread-190" [_thread_in_native, id=5056, stack(0x000000002cf50000,0x000000002d050000)]
  0x0000000034bdb800 JavaThread "Thread-159" [_thread_in_native, id=5912, stack(0x00000000313d0000,0x00000000314d0000)]
  0x0000000034bdb000 JavaThread "Thread-156" [_thread_in_native, id=4952, stack(0x000000003cfc0000,0x000000003d0c0000)]
  0x000000002dd51000 JavaThread "Thread-155" [_thread_in_native, id=920, stack(0x0000000034040000,0x0000000034140000)]
  0x000000002d2e0000 JavaThread "Thread-73" [_thread_in_native, id=8052, stack(0x0000000042aa0000,0x0000000042ba0000)]
  0x000000002d2e3000 JavaThread "Thread-72" [_thread_in_native, id=3792, stack(0x000000003d860000,0x000000003d960000)]
  0x000000002dd4f800 JavaThread "Image Animator 0" daemon [_thread_blocked, id=5064, stack(0x0000000061e00000,0x0000000062300000)]
  0x000000002d2dd000 JavaThread "SyntheticaAnimation 50" daemon [_thread_blocked, id=4436, stack(0x000000003ee20000,0x000000003f320000)]
  0x000000002d2e4800 JavaThread "Thread-23" [_thread_in_native, id=7320, stack(0x0000000030a90000,0x0000000030b90000)]
  0x000000002d2e4000 JavaThread "Thread-22" [_thread_in_native, id=9212, stack(0x0000000034080000,0x0000000034180000)]
  0x000000002d2de800 JavaThread "hw_ila_monitor" [_thread_blocked, id=380, stack(0x0000000039aa0000,0x0000000039fa0000)]
  0x000000002d2db800 JavaThread "Update Runs Swing Worker" [_thread_blocked, id=8720, stack(0x0000000037f90000,0x0000000038490000)]
  0x000000002d2d8800 JavaThread "Refresh Filesets Swing Worker" [_thread_blocked, id=5716, stack(0x0000000030150000,0x0000000030650000)]
  0x000000002d2de000 JavaThread "SyntheticaAnimation 70" daemon [_thread_blocked, id=8280, stack(0x00000000374b0000,0x00000000379b0000)]
  0x000000002d2db000 JavaThread "SyntheticaAnimation 25" daemon [_thread_blocked, id=10156, stack(0x0000000037a50000,0x0000000037f50000)]
  0x000000002d2d9800 JavaThread "SyntheticaAnimation 50" daemon [_thread_blocked, id=5892, stack(0x00000000355a0000,0x0000000035aa0000)]
  0x000000002d2da000 JavaThread "SyntheticaCleanerThread" daemon [_thread_blocked, id=6592, stack(0x00000000314d0000,0x00000000319d0000)]
  0x000000002d2d7000 JavaThread "Batik CleanerThread" daemon [_thread_blocked, id=10328, stack(0x000000002fc00000,0x0000000030100000)]
  0x000000002d4ec800 JavaThread "SeedGenerator Thread" daemon [_thread_blocked, id=5880, stack(0x000000002f0a0000,0x000000002f5a0000)]
=>0x000000002d2a4000 JavaThread "AWT-EventQueue-1" [_thread_in_native, id=8940, stack(0x000000002b4d0000,0x000000002b9d0000)]
  0x000000002d549800 JavaThread "Process Messages" [_thread_blocked, id=10448, stack(0x000000002e810000,0x000000002ed10000)]
  0x000000002d12b800 JavaThread "Thread-3" [_thread_in_native, id=7152, stack(0x00000000027e0000,0x0000000003be0000)]
  0x0000000029736000 JavaThread "AWT-Shutdown" [_thread_blocked, id=10008, stack(0x000000002ba40000,0x000000002bf40000)]
  0x000000002971d800 JavaThread "AWT-Windows" daemon [_thread_in_native, id=9368, stack(0x000000002afd0000,0x000000002b4d0000)]
  0x000000002972c800 JavaThread "Java2D Disposer" daemon [_thread_blocked, id=804, stack(0x000000002a4e0000,0x000000002a9e0000)]
  0x00000000296fd800 JavaThread "TimerQueue" daemon [_thread_blocked, id=7100, stack(0x0000000029e20000,0x000000002a320000)]
  0x000000000fa5f000 JavaThread "Service Thread" daemon [_thread_blocked, id=8840, stack(0x0000000028ac0000,0x0000000028fc0000)]
  0x00000000272d4000 JavaThread "C1 CompilerThread3" daemon [_thread_blocked, id=8616, stack(0x0000000011640000,0x0000000011740000)]
  0x00000000272d3000 JavaThread "C2 CompilerThread2" daemon [_thread_blocked, id=6064, stack(0x00000000288d0000,0x00000000289d0000)]
  0x00000000272cf800 JavaThread "C2 CompilerThread1" daemon [_thread_blocked, id=5872, stack(0x0000000011910000,0x0000000011a10000)]
  0x00000000272cc800 JavaThread "C2 CompilerThread0" daemon [_thread_blocked, id=2352, stack(0x0000000027b90000,0x0000000027c90000)]
  0x00000000272c9000 JavaThread "Attach Listener" daemon [_thread_blocked, id=4444, stack(0x0000000028360000,0x0000000028860000)]
  0x00000000272c8000 JavaThread "Signal Dispatcher" daemon [_thread_blocked, id=6664, stack(0x0000000027d40000,0x0000000028240000)]
  0x00000000272c0800 JavaThread "Finalizer" daemon [_thread_blocked, id=9672, stack(0x0000000027680000,0x0000000027b80000)]
  0x000000000fa3c800 JavaThread "Reference Handler" daemon [_thread_blocked, id=10532, stack(0x0000000011a30000,0x0000000011f30000)]
  0x0000000001feb000 JavaThread "main" [_thread_blocked, id=9372, stack(0x000000000cca0000,0x000000000cda0000)]

Other Threads:
  0x000000000fa33000 VMThread [stack: 0x00000000117d0000,0x00000000118d0000] [id=5876]
  0x0000000027368000 WatcherThread [stack: 0x00000000290d0000,0x00000000291d0000] [id=3260]

VM state:not at safepoint (normal execution)

VM Mutex/Monitor currently owned by a thread: None

Heap:
 PSYoungGen      total 58880K, used 51042K [0x00000007bc400000, 0x00000007c0000000, 0x00000007c0000000)
  eden space 56320K, 89% used [0x00000007bc400000,0x00000007bf520aa8,0x00000007bfb00000)
  from space 2560K, 28% used [0x00000007bfd80000,0x00000007bfe38000,0x00000007c0000000)
  to   space 2560K, 0% used [0x00000007bfb00000,0x00000007bfb00000,0x00000007bfd80000)
 ParOldGen       total 169984K, used 150747K [0x0000000700000000, 0x000000070a600000, 0x00000007bc400000)
  object space 169984K, 88% used [0x0000000700000000,0x0000000709336dd8,0x000000070a600000)
 Metaspace       used 87779K, capacity 88569K, committed 89304K, reserved 1126400K
  class space    used 12091K, capacity 12234K, committed 12248K, reserved 1048576K

Card table byte_map: [0x000000000d160000,0x000000000d770000] byte_map_base: 0x0000000009960000

Marking Bits: (ParMarkBitMap*) 0x000000006e87a6d0
 Begin Bits: [0x0000000021280000, 0x0000000024280000)
 End Bits:   [0x0000000024280000, 0x0000000027280000)

Polling page: 0x0000000000330000

CodeCache: size=245760Kb used=85257Kb max_used=85495Kb free=160502Kb
 bounds [0x0000000012280000, 0x00000000176f0000, 0x0000000021280000]
 total_blobs=22476 nmethods=21355 adapters=1023
 compilation: enabled

Compilation events (10 events):
Event: 13722.285 Thread 0x00000000272d3000 29460       4       ui.data.aH::k (47 bytes)
Event: 13722.287 Thread 0x00000000272d3000 nmethod 29460 0x0000000014302410 code [0x0000000014302560, 0x0000000014302798]
Event: 13722.302 Thread 0x00000000272d4000 29461       1       ui.utils.o.y.l::f (5 bytes)
Event: 13722.302 Thread 0x00000000272d4000 nmethod 29461 0x00000000172b4f10 code [0x00000000172b5060, 0x00000000172b5150]
Event: 13723.479 Thread 0x00000000272d4000 29463       3       sun.awt.image.OffScreenImageSource::<init> (49 bytes)
Event: 13723.479 Thread 0x00000000272d4000 nmethod 29463 0x00000000146a4910 code [0x00000000146a4ac0, 0x00000000146a5148]
Event: 13723.752 Thread 0x00000000272d4000 29464       3       com.jidesoft.plaf.basic.BasicJidePopupUI$PopupPropertyChangeListener::propertyChange (52 bytes)
Event: 13723.753 Thread 0x00000000272d4000 nmethod 29464 0x0000000015d1a390 code [0x0000000015d1a540, 0x0000000015d1abf8]
Event: 13736.425 Thread 0x00000000272d4000 29465       3       java.io.Writer::write (11 bytes)
Event: 13736.425 Thread 0x00000000272d4000 nmethod 29465 0x00000000175d0d90 code [0x00000000175d0f00, 0x00000000175d1208]

GC Heap History (10 events):
Event: 13579.801 GC heap before
{Heap before GC invocations=1136 (full 60):
 PSYoungGen      total 57856K, used 54720K [0x00000007bc400000, 0x00000007c0000000, 0x00000007c0000000)
  eden space 54272K, 100% used [0x00000007bc400000,0x00000007bf900000,0x00000007bf900000)
  from space 3584K, 12% used [0x00000007bf900000,0x00000007bf970000,0x00000007bfc80000)
  to   space 3072K, 0% used [0x00000007bfd00000,0x00000007bfd00000,0x00000007c0000000)
 ParOldGen       total 169984K, used 150747K [0x0000000700000000, 0x000000070a600000, 0x00000007bc400000)
  object space 169984K, 88% used [0x0000000700000000,0x0000000709336dd8,0x000000070a600000)
 Metaspace       used 87772K, capacity 88557K, committed 89304K, reserved 1126400K
  class space    used 12089K, capacity 12232K, committed 12248K, reserved 1048576K
Event: 13579.808 GC heap after
Heap after GC invocations=1136 (full 60):
 PSYoungGen      total 58368K, used 448K [0x00000007bc400000, 0x00000007c0000000, 0x00000007c0000000)
  eden space 55296K, 0% used [0x00000007bc400000,0x00000007bc400000,0x00000007bfa00000)
  from space 3072K, 14% used [0x00000007bfd00000,0x00000007bfd70000,0x00000007c0000000)
  to   space 3072K, 0% used [0x00000007bfa00000,0x00000007bfa00000,0x00000007bfd00000)
 ParOldGen       total 169984K, used 150747K [0x0000000700000000, 0x000000070a600000, 0x00000007bc400000)
  object space 169984K, 88% used [0x0000000700000000,0x0000000709336dd8,0x000000070a600000)
 Metaspace       used 87772K, capacity 88557K, committed 89304K, reserved 1126400K
  class space    used 12089K, capacity 12232K, committed 12248K, reserved 1048576K
}
Event: 13630.540 GC heap before
{Heap before GC invocations=1137 (full 60):
 PSYoungGen      total 58368K, used 55744K [0x00000007bc400000, 0x00000007c0000000, 0x00000007c0000000)
  eden space 55296K, 100% used [0x00000007bc400000,0x00000007bfa00000,0x00000007bfa00000)
  from space 3072K, 14% used [0x00000007bfd00000,0x00000007bfd70000,0x00000007c0000000)
  to   space 3072K, 0% used [0x00000007bfa00000,0x00000007bfa00000,0x00000007bfd00000)
 ParOldGen       total 169984K, used 150747K [0x0000000700000000, 0x000000070a600000, 0x00000007bc400000)
  object space 169984K, 88% used [0x0000000700000000,0x0000000709336dd8,0x000000070a600000)
 Metaspace       used 87772K, capacity 88557K, committed 89304K, reserved 1126400K
  class space    used 12089K, capacity 12232K, committed 12248K, reserved 1048576K
Event: 13630.549 GC heap after
Heap after GC invocations=1137 (full 60):
 PSYoungGen      total 58368K, used 480K [0x00000007bc400000, 0x00000007c0000000, 0x00000007c0000000)
  eden space 55296K, 0% used [0x00000007bc400000,0x00000007bc400000,0x00000007bfa00000)
  from space 3072K, 15% used [0x00000007bfa00000,0x00000007bfa78000,0x00000007bfd00000)
  to   space 2560K, 0% used [0x00000007bfd80000,0x00000007bfd80000,0x00000007c0000000)
 ParOldGen       total 169984K, used 150747K [0x0000000700000000, 0x000000070a600000, 0x00000007bc400000)
  object space 169984K, 88% used [0x0000000700000000,0x0000000709336dd8,0x000000070a600000)
 Metaspace       used 87772K, capacity 88557K, committed 89304K, reserved 1126400K
  class space    used 12089K, capacity 12232K, committed 12248K, reserved 1048576K
}
Event: 13681.523 GC heap before
{Heap before GC invocations=1138 (full 60):
 PSYoungGen      total 58368K, used 55776K [0x00000007bc400000, 0x00000007c0000000, 0x00000007c0000000)
  eden space 55296K, 100% used [0x00000007bc400000,0x00000007bfa00000,0x00000007bfa00000)
  from space 3072K, 15% used [0x00000007bfa00000,0x00000007bfa78000,0x00000007bfd00000)
  to   space 2560K, 0% used [0x00000007bfd80000,0x00000007bfd80000,0x00000007c0000000)
 ParOldGen       total 169984K, used 150747K [0x0000000700000000, 0x000000070a600000, 0x00000007bc400000)
  object space 169984K, 88% used [0x0000000700000000,0x0000000709336dd8,0x000000070a600000)
 Metaspace       used 87772K, capacity 88557K, committed 89304K, reserved 1126400K
  class space    used 12089K, capacity 12232K, committed 12248K, reserved 1048576K
Event: 13681.534 GC heap after
Heap after GC invocations=1138 (full 60):
 PSYoungGen      total 58880K, used 416K [0x00000007bc400000, 0x00000007c0000000, 0x00000007c0000000)
  eden space 56320K, 0% used [0x00000007bc400000,0x00000007bc400000,0x00000007bfb00000)
  from space 2560K, 16% used [0x00000007bfd80000,0x00000007bfde8000,0x00000007c0000000)
  to   space 2560K, 0% used [0x00000007bfb00000,0x00000007bfb00000,0x00000007bfd80000)
 ParOldGen       total 169984K, used 150747K [0x0000000700000000, 0x000000070a600000, 0x00000007bc400000)
  object space 169984K, 88% used [0x0000000700000000,0x0000000709336dd8,0x000000070a600000)
 Metaspace       used 87772K, capacity 88557K, committed 89304K, reserved 1126400K
  class space    used 12089K, capacity 12232K, committed 12248K, reserved 1048576K
}
Event: 13715.599 GC heap before
{Heap before GC invocations=1139 (full 60):
 PSYoungGen      total 58880K, used 56736K [0x00000007bc400000, 0x00000007c0000000, 0x00000007c0000000)
  eden space 56320K, 100% used [0x00000007bc400000,0x00000007bfb00000,0x00000007bfb00000)
  from space 2560K, 16% used [0x00000007bfd80000,0x00000007bfde8000,0x00000007c0000000)
  to   space 2560K, 0% used [0x00000007bfb00000,0x00000007bfb00000,0x00000007bfd80000)
 ParOldGen       total 169984K, used 150747K [0x0000000700000000, 0x000000070a600000, 0x00000007bc400000)
  object space 169984K, 88% used [0x0000000700000000,0x0000000709336dd8,0x000000070a600000)
 Metaspace       used 87772K, capacity 88557K, committed 89304K, reserved 1126400K
  class space    used 12089K, capacity 12232K, committed 12248K, reserved 1048576K
Event: 13715.608 GC heap after
Heap after GC invocations=1139 (full 60):
 PSYoungGen      total 58880K, used 448K [0x00000007bc400000, 0x00000007c0000000, 0x00000007c0000000)
  eden space 56320K, 0% used [0x00000007bc400000,0x00000007bc400000,0x00000007bfb00000)
  from space 2560K, 17% used [0x00000007bfb00000,0x00000007bfb70000,0x00000007bfd80000)
  to   space 2560K, 0% used [0x00000007bfd80000,0x00000007bfd80000,0x00000007c0000000)
 ParOldGen       total 169984K, used 150747K [0x0000000700000000, 0x000000070a600000, 0x00000007bc400000)
  object space 169984K, 88% used [0x0000000700000000,0x0000000709336dd8,0x000000070a600000)
 Metaspace       used 87772K, capacity 88557K, committed 89304K, reserved 1126400K
  class space    used 12089K, capacity 12232K, committed 12248K, reserved 1048576K
}
Event: 13726.947 GC heap before
{Heap before GC invocations=1140 (full 60):
 PSYoungGen      total 58880K, used 56768K [0x00000007bc400000, 0x00000007c0000000, 0x00000007c0000000)
  eden space 56320K, 100% used [0x00000007bc400000,0x00000007bfb00000,0x00000007bfb00000)
  from space 2560K, 17% used [0x00000007bfb00000,0x00000007bfb70000,0x00000007bfd80000)
  to   space 2560K, 0% used [0x00000007bfd80000,0x00000007bfd80000,0x00000007c0000000)
 ParOldGen       total 169984K, used 150747K [0x0000000700000000, 0x000000070a600000, 0x00000007bc400000)
  object space 169984K, 88% used [0x0000000700000000,0x0000000709336dd8,0x000000070a600000)
 Metaspace       used 87772K, capacity 88557K, committed 89304K, reserved 1126400K
  class space    used 12089K, capacity 12232K, committed 12248K, reserved 1048576K
Event: 13726.953 GC heap after
Heap after GC invocations=1140 (full 60):
 PSYoungGen      total 58880K, used 736K [0x00000007bc400000, 0x00000007c0000000, 0x00000007c0000000)
  eden space 56320K, 0% used [0x00000007bc400000,0x00000007bc400000,0x00000007bfb00000)
  from space 2560K, 28% used [0x00000007bfd80000,0x00000007bfe38000,0x00000007c0000000)
  to   space 2560K, 0% used [0x00000007bfb00000,0x00000007bfb00000,0x00000007bfd80000)
 ParOldGen       total 169984K, used 150747K [0x0000000700000000, 0x000000070a600000, 0x00000007bc400000)
  object space 169984K, 88% used [0x0000000700000000,0x0000000709336dd8,0x000000070a600000)
 Metaspace       used 87772K, capacity 88557K, committed 89304K, reserved 1126400K
  class space    used 12089K, capacity 12232K, committed 12248K, reserved 1048576K
}

Deoptimization events (10 events):
Event: 13734.114 Thread 0x000000002d2a4000 Uncommon trap: reason=unstable_if action=reinterpret pc=0x0000000013487e70 method=ui.data.common.K.<init>(J)V @ 15
Event: 13736.382 Thread 0x000000002d2a4000 Uncommon trap: reason=unstable_if action=reinterpret pc=0x00000000130435c4 method=java.lang.Throwable.getOurStackTrace()[Ljava/lang/StackTraceElement; @ 7
Event: 13736.417 Thread 0x000000002d2a4000 Uncommon trap: reason=bimorphic action=maybe_recompile pc=0x00000000168ea5e0 method=java.io.PrintWriter.write(Ljava/lang/String;II)V @ 19
Event: 13736.417 Thread 0x000000002d2a4000 Uncommon trap: reason=bimorphic action=maybe_recompile pc=0x00000000168ea5e0 method=java.io.PrintWriter.write(Ljava/lang/String;II)V @ 19
Event: 13736.417 Thread 0x000000002d2a4000 Uncommon trap: reason=bimorphic action=maybe_recompile pc=0x00000000168ea5e0 method=java.io.PrintWriter.write(Ljava/lang/String;II)V @ 19
Event: 13736.417 Thread 0x000000002d2a4000 Uncommon trap: reason=bimorphic action=maybe_recompile pc=0x00000000168ea5e0 method=java.io.PrintWriter.write(Ljava/lang/String;II)V @ 19
Event: 13736.424 Thread 0x000000002d2a4000 Uncommon trap: reason=class_check action=maybe_recompile pc=0x0000000016303740 method=java.io.PrintWriter.newLine()V @ 19
Event: 13736.425 Thread 0x000000002d2a4000 Uncommon trap: reason=class_check action=maybe_recompile pc=0x0000000016303740 method=java.io.PrintWriter.newLine()V @ 19
Event: 13736.425 Thread 0x000000002d2a4000 Uncommon trap: reason=class_check action=maybe_recompile pc=0x0000000016303740 method=java.io.PrintWriter.newLine()V @ 19
Event: 13736.425 Thread 0x000000002d2a4000 Uncommon trap: reason=class_check action=maybe_recompile pc=0x0000000016303740 method=java.io.PrintWriter.newLine()V @ 19

Internal exceptions (10 events):
Event: 12458.928 Thread 0x0000000035148000 Exception <a 'java/lang/InterruptedException': sleep interrupted> (0x00000007bcd81940) thrown at [C:\re\workspace\8-2-build-windows-amd64-cygwin\jdk8u112\7884\hotspot\src\share\vm\prims\jvm.cpp, line 3180]
Event: 12488.971 Thread 0x000000002d2a4000 Exception <a 'de/concept/nlview/NlviewException'> (0x00000007bd74bd68) thrown at [C:\re\workspace\8-2-build-windows-amd64-cygwin\jdk8u112\7884\hotspot\src\share\vm\prims\jni.cpp, line 709]
Event: 12488.999 Thread 0x000000002d2a4000 Exception <a 'de/concept/nlview/NlviewException'> (0x00000007bc4128b8) thrown at [C:\re\workspace\8-2-build-windows-amd64-cygwin\jdk8u112\7884\hotspot\src\share\vm\prims\jni.cpp, line 709]
Event: 12489.009 Thread 0x000000002d2a4000 Exception <a 'de/concept/nlview/NlviewException'> (0x00000007bc4ebed0) thrown at [C:\re\workspace\8-2-build-windows-amd64-cygwin\jdk8u112\7884\hotspot\src\share\vm\prims\jni.cpp, line 709]
Event: 12489.064 Thread 0x000000002d2a4000 Exception <a 'de/concept/nlview/NlviewException'> (0x00000007bcf9b2f0) thrown at [C:\re\workspace\8-2-build-windows-amd64-cygwin\jdk8u112\7884\hotspot\src\share\vm\prims\jni.cpp, line 709]
Event: 12489.073 Thread 0x000000002d2a4000 Exception <a 'de/concept/nlview/NlviewException'> (0x00000007bd0656f0) thrown at [C:\re\workspace\8-2-build-windows-amd64-cygwin\jdk8u112\7884\hotspot\src\share\vm\prims\jni.cpp, line 709]
Event: 12489.083 Thread 0x000000002d2a4000 Exception <a 'de/concept/nlview/NlviewException'> (0x00000007bd13da38) thrown at [C:\re\workspace\8-2-build-windows-amd64-cygwin\jdk8u112\7884\hotspot\src\share\vm\prims\jni.cpp, line 709]
Event: 12489.147 Thread 0x000000002d2a4000 Exception <a 'de/concept/nlview/NlviewException'> (0x00000007bc801ea0) thrown at [C:\re\workspace\8-2-build-windows-amd64-cygwin\jdk8u112\7884\hotspot\src\share\vm\prims\jni.cpp, line 709]
Event: 12489.156 Thread 0x000000002d2a4000 Exception <a 'de/concept/nlview/NlviewException'> (0x00000007bc8c5050) thrown at [C:\re\workspace\8-2-build-windows-amd64-cygwin\jdk8u112\7884\hotspot\src\share\vm\prims\jni.cpp, line 709]
Event: 12489.166 Thread 0x000000002d2a4000 Exception <a 'de/concept/nlview/NlviewException'> (0x00000007bc99f328) thrown at [C:\re\workspace\8-2-build-windows-amd64-cygwin\jdk8u112\7884\hotspot\src\share\vm\prims\jni.cpp, line 709]

Events (10 events):
Event: 13736.425 Thread 0x000000002d2a4000 DEOPT PACKING pc=0x0000000016303740 sp=0x000000002b9cc720
Event: 13736.425 Thread 0x000000002d2a4000 DEOPT UNPACKING pc=0x00000000122c582a sp=0x000000002b9cc608 mode 2
Event: 13736.425 Thread 0x000000002d2a4000 Uncommon trap: trap_request=0xffffffde fr.pc=0x0000000016303740
Event: 13736.425 Thread 0x000000002d2a4000 DEOPT PACKING pc=0x0000000016303740 sp=0x000000002b9cc720
Event: 13736.425 Thread 0x000000002d2a4000 DEOPT UNPACKING pc=0x00000000122c582a sp=0x000000002b9cc608 mode 2
Event: 13736.425 Thread 0x000000002d2a4000 Uncommon trap: trap_request=0xffffffde fr.pc=0x0000000016303740
Event: 13736.425 Thread 0x000000002d2a4000 DEOPT PACKING pc=0x0000000016303740 sp=0x000000002b9cc720
Event: 13736.425 Thread 0x000000002d2a4000 DEOPT UNPACKING pc=0x00000000122c582a sp=0x000000002b9cc608 mode 2
Event: 13736.428 loading class ui/frmwork/COutOfMemoryException
Event: 13736.428 loading class ui/frmwork/COutOfMemoryException done


Dynamic libraries:
0x000000013f080000 - 0x000000013f0b0000 	C:\Xilinx\Vivado\2018.1\bin\unwrapped\win64.o\vivado.exe
0x0000000077720000 - 0x00000000778bf000 	C:\WINDOWS\SYSTEM32\ntdll.dll
0x0000000077600000 - 0x000000007771f000 	C:\WINDOWS\system32\kernel32.dll
0x000007fefd2b0000 - 0x000007fefd31a000 	C:\WINDOWS\system32\KERNELBASE.dll
0x000007fefc050000 - 0x000007fefc064000 	C:\Xilinx\Vivado\2018.1\lib\win64.o\libboost_signals.dll
0x000007fef00b0000 - 0x000007fef015a000 	C:\WINDOWS\system32\MSVCP140.dll
0x000007fef9380000 - 0x000007fef9396000 	C:\WINDOWS\system32\VCRUNTIME140.dll
0x000007fef9a90000 - 0x000007fef9a94000 	C:\WINDOWS\system32\api-ms-win-crt-runtime-l1-1-0.dll
0x000007fee6b30000 - 0x000007fee6c24000 	C:\WINDOWS\system32\ucrtbase.DLL
0x000007fef94c0000 - 0x000007fef94c3000 	C:\WINDOWS\system32\api-ms-win-core-timezone-l1-1-0.dll
0x000007fef9370000 - 0x000007fef9373000 	C:\WINDOWS\system32\api-ms-win-core-file-l2-1-0.dll
0x000007fef7ae0000 - 0x000007fef7ae3000 	C:\WINDOWS\system32\api-ms-win-core-localization-l1-2-0.dll
0x000007fef9cc0000 - 0x000007fef9cc3000 	C:\WINDOWS\system32\api-ms-win-core-synch-l1-2-0.dll
0x000007fef7ad0000 - 0x000007fef7ad3000 	C:\WINDOWS\system32\api-ms-win-core-processthreads-l1-1-1.dll
0x000007fef7ac0000 - 0x000007fef7ac3000 	C:\WINDOWS\system32\api-ms-win-core-file-l1-2-0.dll
0x000007fef7a30000 - 0x000007fef7a34000 	C:\WINDOWS\system32\api-ms-win-crt-string-l1-1-0.dll
0x000007fef7a20000 - 0x000007fef7a23000 	C:\WINDOWS\system32\api-ms-win-crt-heap-l1-1-0.dll
0x000007fef7a10000 - 0x000007fef7a14000 	C:\WINDOWS\system32\api-ms-win-crt-stdio-l1-1-0.dll
0x000007fef6160000 - 0x000007fef6164000 	C:\WINDOWS\system32\api-ms-win-crt-convert-l1-1-0.dll
0x000007fef6150000 - 0x000007fef6153000 	C:\WINDOWS\system32\api-ms-win-crt-locale-l1-1-0.dll
0x000007fef6140000 - 0x000007fef6145000 	C:\WINDOWS\system32\api-ms-win-crt-math-l1-1-0.dll
0x000007fef6130000 - 0x000007fef6135000 	C:\WINDOWS\system32\api-ms-win-crt-multibyte-l1-1-0.dll
0x000007fef5680000 - 0x000007fef5683000 	C:\WINDOWS\system32\api-ms-win-crt-time-l1-1-0.dll
0x000007fef5670000 - 0x000007fef5673000 	C:\WINDOWS\system32\api-ms-win-crt-filesystem-l1-1-0.dll
0x000007fef5540000 - 0x000007fef5543000 	C:\WINDOWS\system32\api-ms-win-crt-environment-l1-1-0.dll
0x000007fef5530000 - 0x000007fef5533000 	C:\WINDOWS\system32\api-ms-win-crt-utility-l1-1-0.dll
0x000007fecb5d0000 - 0x000007fecc3a3000 	C:\Xilinx\Vivado\2018.1\lib\win64.o\librdi_common.dll
0x000007fef2180000 - 0x000007fef24ee000 	C:\Xilinx\Vivado\2018.1\lib\win64.o\libCOIN-all.dll
0x000007fef2620000 - 0x000007fef28d5000 	C:\Xilinx\Vivado\2018.1\lib\win64.o\libXil_lmgr11.dll
0x0000000077500000 - 0x00000000775fa000 	C:\WINDOWS\system32\USER32.dll
0x000007fefe960000 - 0x000007fefe9c7000 	C:\WINDOWS\system32\GDI32.dll
0x000007fefde10000 - 0x000007fefde1e000 	C:\WINDOWS\system32\LPK.dll
0x000007fefe690000 - 0x000007fefe75b000 	C:\WINDOWS\system32\USP10.dll
0x000007fefe8c0000 - 0x000007fefe95f000 	C:\WINDOWS\system32\msvcrt.dll
0x000007feface0000 - 0x000007fefacf6000 	C:\WINDOWS\system32\NETAPI32.dll
0x000007fefc690000 - 0x000007fefc69c000 	C:\WINDOWS\system32\netutils.dll
0x000007fefcdd0000 - 0x000007fefcdf3000 	C:\WINDOWS\system32\srvcli.dll
0x000007fefe560000 - 0x000007fefe68c000 	C:\WINDOWS\system32\RPCRT4.dll
0x000007fefacc0000 - 0x000007fefacd5000 	C:\WINDOWS\system32\wkscli.dll
0x000007fefe4b0000 - 0x000007fefe547000 	C:\WINDOWS\system32\COMDLG32.dll
0x000007fefe840000 - 0x000007fefe8b1000 	C:\WINDOWS\system32\SHLWAPI.dll
0x000007fef4770000 - 0x000007fef4810000 	C:\WINDOWS\WinSxS\amd64_microsoft.windows.common-controls_6595b64144ccf1df_5.82.7601.18837_none_a4d981ff711297b6\COMCTL32.dll
0x000007fefe760000 - 0x000007fefe83b000 	C:\WINDOWS\system32\ADVAPI32.dll
0x000007fefd930000 - 0x000007fefd94f000 	C:\WINDOWS\SYSTEM32\sechost.dll
0x000007fefeab0000 - 0x000007feff83b000 	C:\WINDOWS\system32\SHELL32.dll
0x000007fef8680000 - 0x000007fef8689000 	C:\WINDOWS\system32\WSOCK32.dll
0x000007fefdbc0000 - 0x000007fefdc0d000 	C:\WINDOWS\system32\WS2_32.dll
0x000007fefe550000 - 0x000007fefe558000 	C:\WINDOWS\system32\NSI.dll
0x000007fefd950000 - 0x000007fefda2b000 	C:\WINDOWS\system32\OLEAUT32.dll
0x000007fefdc10000 - 0x000007fefde0f000 	C:\WINDOWS\system32\ole32.dll
0x000007fef93a0000 - 0x000007fef93b8000 	C:\WINDOWS\system32\dhcpcsvc.DLL
0x000007fefc090000 - 0x000007fefc093000 	C:\WINDOWS\system32\api-ms-win-crt-conio-l1-1-0.dll
0x000007fefd370000 - 0x000007fefd3ab000 	C:\WINDOWS\system32\WINTRUST.dll
0x000007fefd490000 - 0x000007fefd5fd000 	C:\WINDOWS\system32\CRYPT32.dll
0x000007fefd280000 - 0x000007fefd28f000 	C:\WINDOWS\system32\MSASN1.dll
0x000007fefb260000 - 0x000007fefb274000 	C:\Xilinx\Vivado\2018.1\lib\win64.o\libboost_date_time.dll
0x000007fefa0e0000 - 0x000007fefa106000 	C:\Xilinx\Vivado\2018.1\lib\win64.o\libboost_filesystem.dll
0x000007fefc080000 - 0x000007fefc08b000 	C:\Xilinx\Vivado\2018.1\lib\win64.o\libboost_system.dll
0x000007fef9cf0000 - 0x000007fef9d6f000 	C:\Xilinx\Vivado\2018.1\lib\win64.o\libboost_program_options.dll
0x000007fee42b0000 - 0x000007fee43c4000 	C:\Xilinx\Vivado\2018.1\lib\win64.o\libboost_regex.dll
0x000007fefb090000 - 0x000007fefb0b1000 	C:\Xilinx\Vivado\2018.1\lib\win64.o\libboost_thread.dll
0x000007fefb8d0000 - 0x000007fefb8dd000 	C:\Xilinx\Vivado\2018.1\lib\win64.o\libboost_chrono.dll
0x000007fefb8c0000 - 0x000007fefb8cf000 	C:\Xilinx\Vivado\2018.1\lib\win64.o\libboost_xilinx.dll
0x000007fef3c60000 - 0x000007fef3ce2000 	C:\Xilinx\Vivado\2018.1\lib\win64.o\libhdlpsolve.dll
0x000007fef3bb0000 - 0x000007fef3c55000 	C:\Xilinx\Vivado\2018.1\lib\win64.o\libhdxml.dll
0x000007fecc9d0000 - 0x000007fecd186400 	C:\Xilinx\Vivado\2018.1\lib\win64.o\libisl_iostreams.dll
0x000007fefad30000 - 0x000007fefad4b000 	C:\Xilinx\Vivado\2018.1\lib\win64.o\libboost_iostreams.dll
0x000007fef9dc0000 - 0x000007fef9de1000 	C:\Xilinx\Vivado\2018.1\lib\win64.o\librdizlib.dll
0x000007fef9d90000 - 0x000007fef9db5000 	C:\Xilinx\Vivado\2018.1\lib\win64.o\libisl_iosutils.dll
0x000007fef5580000 - 0x000007fef55ae000 	C:\Xilinx\Vivado\2018.1\lib\win64.o\libisl_sysinfo.dll
0x000000006e060000 - 0x000000006e8fa000 	C:\Xilinx\Vivado\2018.1\tps\win64\jre\bin\server\jvm.dll
0x000007fef96a0000 - 0x000007fef96db000 	C:\WINDOWS\system32\WINMM.dll
0x000007fefc340000 - 0x000007fefc34c000 	C:\WINDOWS\system32\VERSION.dll
0x00000000778c0000 - 0x00000000778c7000 	C:\WINDOWS\system32\PSAPI.DLL
0x0000000074570000 - 0x0000000074642000 	C:\WINDOWS\system32\MSVCR100.dll
0x000007fef3b40000 - 0x000007fef3ba5000 	C:\Xilinx\Vivado\2018.1\lib\win64.o\liblmx6.0.dll
0x000007fefae60000 - 0x000007fefae7a000 	C:\Xilinx\Vivado\2018.1\lib\win64.o\pthreadVC2.dll
0x000007fef2080000 - 0x000007fef2180000 	C:\Xilinx\Vivado\2018.1\lib\win64.o\librdi_commonxillic.dll
0x000007fee4150000 - 0x000007fee42a1000 	C:\Xilinx\Vivado\2018.1\lib\win64.o\librdi_curl.dll
0x000007fefa730000 - 0x000007fefa74c000 	C:\Xilinx\Vivado\2018.1\lib\win64.o\librdiconfig.dll
0x0000000074750000 - 0x000000007487b000 	C:\Xilinx\Vivado\2018.1\lib\win64.o\tcl85t.dll
0x0000000012000000 - 0x0000000012272000 	C:\Xilinx\Vivado\2018.1\lib\win64.o\xerces-c_3_1.dll
0x000007fefe000000 - 0x000007fefe4ac000 	C:\WINDOWS\system32\WININET.dll
0x000007fefd3e0000 - 0x000007fefd3e4000 	C:\WINDOWS\system32\api-ms-win-downlevel-user32-l1-1-0.dll
0x000007fefd2a0000 - 0x000007fefd2a4000 	C:\WINDOWS\system32\api-ms-win-downlevel-shlwapi-l1-1-0.dll
0x000007fefd290000 - 0x000007fefd294000 	C:\WINDOWS\system32\api-ms-win-downlevel-version-l1-1-0.dll
0x000007fefd600000 - 0x000007fefd603000 	C:\WINDOWS\system32\api-ms-win-downlevel-normaliz-l1-1-0.dll
0x00000000778d0000 - 0x00000000778d3000 	C:\WINDOWS\system32\normaliz.DLL
0x000007fefd630000 - 0x000007fefd8fa000 	C:\WINDOWS\system32\iertutil.dll
0x000007fefd360000 - 0x000007fefd365000 	C:\WINDOWS\system32\api-ms-win-downlevel-advapi32-l1-1-0.dll
0x000007fefd610000 - 0x000007fefd62f000 	C:\WINDOWS\system32\USERENV.dll
0x000007fefd270000 - 0x000007fefd27f000 	C:\WINDOWS\system32\profapi.dll
0x000007fefafd0000 - 0x000007fefb041000 	C:\WINDOWS\system32\WINHTTP.dll
0x000007fefaf60000 - 0x000007fefafc5000 	C:\WINDOWS\system32\webio.dll
0x000007fefda30000 - 0x000007fefdbb8000 	C:\WINDOWS\system32\urlmon.dll
0x000007fefd3d0000 - 0x000007fefd3d4000 	C:\WINDOWS\system32\api-ms-win-downlevel-ole32-l1-1-0.dll
0x000007feca730000 - 0x000007fecb5c1000 	C:\Xilinx\Vivado\2018.1\lib\win64.o\gurobi65.dll
0x000007fef5550000 - 0x000007fef5578000 	C:\WINDOWS\system32\VCOMP140.DLL
0x000007fefaa00000 - 0x000007fefaa14000 	C:\Xilinx\Vivado\2018.1\lib\win64.o\librdi_commonmain.dll
0x000007fefb820000 - 0x000007fefb82a000 	C:\Xilinx\Vivado\2018.1\lib\win64.o\librdi_commonversion.dll
0x000007fefd900000 - 0x000007fefd92e000 	C:\WINDOWS\system32\IMM32.DLL
0x000007feff900000 - 0x000007feffa09000 	C:\WINDOWS\system32\MSCTF.dll
0x000007feda460000 - 0x000007feda8eb000 	C:\Xilinx\Vivado\2018.1\lib\win64.o\librdi_commontasks.dll
0x000007fedb8f0000 - 0x000007fedbb30000 	C:\Xilinx\Vivado\2018.1\lib\win64.o\librdi_sio.dll
0x000007fef9950000 - 0x000007fef9977000 	C:\WINDOWS\system32\IPHLPAPI.DLL
0x000007fef9940000 - 0x000007fef994b000 	C:\WINDOWS\system32\WINNSI.DLL
0x000007fec83d0000 - 0x000007feca72c000 	C:\Xilinx\Vivado\2018.1\lib\win64.o\librdi_tcltasks.dll
0x000007fecc610000 - 0x000007fecc9c1000 	C:\Xilinx\Vivado\2018.1\lib\win64.o\librdi_bitstream.dll
0x000007feba450000 - 0x000007fec83c3000 	C:\Xilinx\Vivado\2018.1\lib\win64.o\librdi_device.dll
0x000007fef3a00000 - 0x000007fef3a4c000 	C:\Xilinx\Vivado\2018.1\lib\win64.o\libboost_serialization.dll
0x000007feb9950000 - 0x000007feba443000 	C:\Xilinx\Vivado\2018.1\lib\win64.o\libverific.dll
0x000007fee0000000 - 0x000007fee017c000 	C:\Xilinx\Vivado\2018.1\lib\win64.o\librdi_board.dll
0x000007fef25b0000 - 0x000007fef261a000 	C:\Xilinx\Vivado\2018.1\lib\win64.o\librdi_boarddep.dll
0x000007fedce80000 - 0x000007fedd0ea000 	C:\Xilinx\Vivado\2018.1\lib\win64.o\librdi_chipscope.dll
0x000007feb8110000 - 0x000007feb9947000 	C:\Xilinx\Vivado\2018.1\lib\win64.o\librdi_constraints.dll
0x000007feb7ae0000 - 0x000007feb810a000 	C:\Xilinx\Vivado\2018.1\lib\win64.o\librdi_filemgmt.dll
0x000007fee4d60000 - 0x000007fee4e09000 	C:\Xilinx\Vivado\2018.1\lib\win64.o\librdi_hip_devdesign.dll
0x000007fef2540000 - 0x000007fef25a6000 	C:\Xilinx\Vivado\2018.1\lib\win64.o\librdi_ipconfig_readwrite.dll
0x000007feb7640000 - 0x000007feb7ade000 	C:\Xilinx\Vivado\2018.1\lib\win64.o\librdi_netlist.dll
0x000007feecbc0000 - 0x000007feecbfb000 	C:\Xilinx\Vivado\2018.1\lib\win64.o\librdi_noc_frameworks.dll
0x000007fee40c0000 - 0x000007fee4145000 	C:\Xilinx\Vivado\2018.1\lib\win64.o\librdi_hip_config.dll
0x000007fedd930000 - 0x000007fedda81000 	C:\Xilinx\Vivado\2018.1\lib\win64.o\librdi_hip_noc_tools.dll
0x000007feb6f60000 - 0x000007feb763a000 	C:\Xilinx\Vivado\2018.1\lib\win64.o\librdi_psta.dll
0x000007feb3e50000 - 0x000007feb6f5a000 	C:\Xilinx\Vivado\2018.1\lib\win64.o\librdi_coregen.dll
0x000007feb3770000 - 0x000007feb3e4d000 	C:\Xilinx\Vivado\2018.1\lib\win64.o\librdi_coregenipxact.dll
0x000007feafa40000 - 0x000007feb376d000 	C:\Xilinx\Vivado\2018.1\lib\win64.o\librdi_designutils.dll
0x000007feaf4f0000 - 0x000007feafa3e000 	C:\Xilinx\Vivado\2018.1\lib\win64.o\librdi_xdm.dll
0x000007feaeea0000 - 0x000007feaf4f0000 	C:\Xilinx\Vivado\2018.1\lib\win64.o\librdi_memdata.dll

VM Arguments:
jvm_args: -Dsun.java2d.pmoffscreen=false -Dsun.java2d.xrender=false -Dsun.java2d.d3d=false -Dsun.awt.nopixfmt=true -Xverify:none -Dswing.aatext=true -XX:-UsePerfData -Djdk.map.althashing.threshold=512 -XX:StringTableSize=4072 -XX:NewSize=60m -XX:MaxNewSize=60m -Xms128m -Xmx3072m -Xss5m 
java_command: <unknown>
java_class_path (initial): C:/Xilinx/Vivado/2018.1\lib\classes\alloy.jar;C:/Xilinx/Vivado/2018.1\lib\classes\autopilot.scelaborator.jar;C:/Xilinx/Vivado/2018.1\lib\classes\autopilot.sourceprocessor.jar;C:/Xilinx/Vivado/2018.1\lib\classes\autopilot.tbprocessor.jar;C:/Xilinx/Vivado/2018.1\lib\classes\batik-anim.jar;C:/Xilinx/Vivado/2018.1\lib\classes\batik-awt-util.jar;C:/Xilinx/Vivado/2018.1\lib\classes\batik-bridge.jar;C:/Xilinx/Vivado/2018.1\lib\classes\batik-codec.jar;C:/Xilinx/Vivado/2018.1\lib\classes\batik-css.jar;C:/Xilinx/Vivado/2018.1\lib\classes\batik-dom.jar;C:/Xilinx/Vivado/2018.1\lib\classes\batik-ext.jar;C:/Xilinx/Vivado/2018.1\lib\classes\batik-gui-util.jar;C:/Xilinx/Vivado/2018.1\lib\classes\batik-gvt.jar;C:/Xilinx/Vivado/2018.1\lib\classes\batik-parser.jar;C:/Xilinx/Vivado/2018.1\lib\classes\batik-script.jar;C:/Xilinx/Vivado/2018.1\lib\classes\batik-svg-dom.jar;C:/Xilinx/Vivado/2018.1\lib\classes\batik-swing.jar;C:/Xilinx/Vivado/2018.1\lib\classes\batik-transcoder.jar;C:/Xilinx/Vivado/2018.1\lib\classes\batik-util.jar;C:/Xilinx/Vivado/2018.1\lib\classes\batik-xml.jar;C:/Xilinx/Vivado/2018.1\lib\classes\com.ibm.icu_4.4.2.v20110208.jar;C:/Xilinx/Vivado/2018.1\lib\classes\commons-collections4-4.1.jar;C:/Xilinx/Vivado/2018.1\lib\classes\commons-math-2.2.jar;C:/Xilinx/Vivado/2018.1\lib\classes\dom4j-1.6.1.jar;C:/Xilinx/Vivado/2018.1\lib\classes\guava-18.0.jar;C:/Xilinx/Vivado/2018.1\lib\classes\help.jar;C:/Xilinx/Vivado/2018.1\lib\classes\hsqldb.jar;C:/Xilinx/Vivado/2018.1\lib\classes\jargs.jar;C:/Xilinx/Vivado/2018.1\lib\classes\jh.jar;C:/Xilinx/Vivado/2018.1\lib\classes\jide-action.jar;C:/Xilinx/Vivado/2018.1\lib\classes\jide-charts.jar;C:/Xilinx/Vivado/2018.1\lib\classes\jide-common.jar;C:/Xilinx/Vivado/2018.1\lib\classes\jide-components.jar;C:/Xilinx/Vivado/2018.1\lib\classes\jide-dashboard.jar;C:/Xilinx/Vivado/2018.1\lib\classes\jide-data.jar;C:/Xilinx/Vivado/2018.1\lib\classes\jide-dialogs.jar;C:/Xilinx/Vivado/2018.1\lib\classes\jide-diff.jar;C:/X
Launcher Type: generic

Environment Variables:
PATH=C:/Xilinx/Vivado/2018.1/bin;C:/Xilinx/Vivado/2018.1/lib/win64.o;C:/Xilinx/Vivado/2018.1/tps/win64/jre/bin/server;C:/Xilinx/Vivado/2018.1/tps/win64/jre/bin;C:/Xilinx/SDK/2018.1/bin;C:/Xilinx/Vivado/2018.1/ids_lite/ISE/bin/nt64;C:/Xilinx/Vivado/2018.1/ids_lite/ISE/lib/nt64;C:\ProgramData\Oracle\Java\javapath;C:\WINDOWS\system32;C:\WINDOWS;C:\WINDOWS\System32\Wbem;C:\WINDOWS\System32\WindowsPowerShell\v1.0\;C:\Cadence\SPB16.5\tools\pcb\bin;C:\Cadence\SPB16.5\tools\bin;C:\Cadence\SPB16.5\tools\libutil\bin;C:\Cadence\SPB16.5\tools\fet\bin;C:\Cadence\SPB16.5\tools\specctra\bin;C:\Cadence\SPB16.5\tools\PSpice;C:\Cadence\SPB16.5\tools\PSpice\Library;C:\Cadence\SPB16.5\tools\Capture;C:\Cadence\SPB16.5\OpenAccess\bin\win32\opt;C:\Program Files\MATLAB\R2018a\bin;C:\Program Files\dotnet\;C:\Program Files\Microsoft SQL Server\130\Tools\Binn\;C:\PROGRA~2\PICC;C:/Xilinx/Vivado/2018.1\tps\mingw\6.2.0\win64.o\nt\bin;C:/Xilinx/Vivado/2018.1\tps\mingw\6.2.0\win64.o\nt\libexec\gcc\x86_64-w64-mingw32\6.2.0
USERNAME=ea4963aw
OS=Windows_NT
PROCESSOR_IDENTIFIER=Intel64 Family 6 Model 60 Stepping 3, GenuineIntel



---------------  S Y S T E M  ---------------

OS: Windows 7 , 64 bit Build 7601 (6.1.7601.24408)

CPU:total 8 (4 cores per cpu, 2 threads per core) family 6 model 60 stepping 3, cmov, cx8, fxsr, mmx, sse, sse2, sse3, ssse3, sse4.1, sse4.2, popcnt, avx, avx2, aes, clmul, erms, rtm, lzcnt, ht, tsc, tscinvbit, bmi1, bmi2

Memory: 4k page, physical 16686640k(4211444k free), swap 33371380k(20366008k free)

vm_info: Java HotSpot(TM) 64-Bit Server VM (25.112-b15) for windows-amd64 JRE (1.8.0_112-b15), built on Sep 22 2016 21:31:56 by "java_re" with MS VC++ 10.0 (VS2010)

time: Tue Apr 23 22:35:11 2019
elapsed time: 13739 seconds (0d 3h 48m 59s)

